Using pre-set license
Built from '2022.3/staging' branch; Version is '2022.3.11f1 (d00248457e15) revision 13632072'; Using compiler version '192829333'; Build Type 'Release'
OS: 'Windows 11  (10.0.22621) 64bit Core' Language: 'en' Physical Memory: 32689 MB
BatchMode: 1, IsHumanControllingUs: 0, StartBugReporterOnCrash: 0, Is64bit: 1, IsPro: 1

COMMAND LINE ARGUMENTS:
C:\Program Files\Unity\Hub\Editor\2022.3.11f1\Editor\Unity.exe
-adb2
-batchMode
-noUpm
-name
AssetImportWorker31
-projectPath
C:/Users/Danie/OneDrive - UW-Madison/Game design/RSPN-GameJam-2023/Game Jam
-logFile
Logs/AssetImportWorker31.log
-srvPort
52693
Successfully changed project path to: C:/Users/Danie/OneDrive - UW-Madison/Game design/RSPN-GameJam-2023/Game Jam
C:/Users/Danie/OneDrive - UW-Madison/Game design/RSPN-GameJam-2023/Game Jam
[UnityMemory] Configuration Parameters - Can be set up in boot.config
    "memorysetup-bucket-allocator-granularity=16"
    "memorysetup-bucket-allocator-bucket-count=8"
    "memorysetup-bucket-allocator-block-size=33554432"
    "memorysetup-bucket-allocator-block-count=8"
    "memorysetup-main-allocator-block-size=16777216"
    "memorysetup-thread-allocator-block-size=16777216"
    "memorysetup-gfx-main-allocator-block-size=16777216"
    "memorysetup-gfx-thread-allocator-block-size=16777216"
    "memorysetup-cache-allocator-block-size=4194304"
    "memorysetup-typetree-allocator-block-size=2097152"
    "memorysetup-profiler-bucket-allocator-granularity=16"
    "memorysetup-profiler-bucket-allocator-bucket-count=8"
    "memorysetup-profiler-bucket-allocator-block-size=33554432"
    "memorysetup-profiler-bucket-allocator-block-count=8"
    "memorysetup-profiler-allocator-block-size=16777216"
    "memorysetup-profiler-editor-allocator-block-size=1048576"
    "memorysetup-temp-allocator-size-main=16777216"
    "memorysetup-job-temp-allocator-block-size=2097152"
    "memorysetup-job-temp-allocator-block-size-background=1048576"
    "memorysetup-job-temp-allocator-reduction-small-platforms=262144"
    "memorysetup-allocator-temp-initial-block-size-main=262144"
    "memorysetup-allocator-temp-initial-block-size-worker=262144"
    "memorysetup-temp-allocator-size-background-worker=32768"
    "memorysetup-temp-allocator-size-job-worker=262144"
    "memorysetup-temp-allocator-size-preload-manager=33554432"
    "memorysetup-temp-allocator-size-nav-mesh-worker=65536"
    "memorysetup-temp-allocator-size-audio-worker=65536"
    "memorysetup-temp-allocator-size-cloud-worker=32768"
    "memorysetup-temp-allocator-size-gi-baking-worker=262144"
    "memorysetup-temp-allocator-size-gfx=262144"
Player connection [21392] Host "[IP] 10.143.132.226 [Port] 0 [Flags] 2 [Guid] 4142044194 [EditorId] 4142044194 [Version] 1048832 [Id] WindowsEditor(7,D-MaxPower) [Debug] 1 [PackageName] WindowsEditor [ProjectName] Editor" joined multi-casting on [225.0.0.222:54997]...

Player connection [21392] Host "[IP] 10.143.132.226 [Port] 0 [Flags] 2 [Guid] 4142044194 [EditorId] 4142044194 [Version] 1048832 [Id] WindowsEditor(7,D-MaxPower) [Debug] 1 [PackageName] WindowsEditor [ProjectName] Editor" joined alternative multi-casting on [225.0.0.222:34997]...

[Physics::Module] Initialized MultithreadedJobDispatcher with 15 workers.
Refreshing native plugins compatible for Editor in 13.18 ms, found 4 plugins.
Preloading 0 native plugins for Editor in 0.00 ms.
Initialize engine version: 2022.3.11f1 (d00248457e15)
[Subsystems] Discovering subsystems at path C:/Program Files/Unity/Hub/Editor/2022.3.11f1/Editor/Data/Resources/UnitySubsystems
[Subsystems] Discovering subsystems at path C:/Users/Danie/OneDrive - UW-Madison/Game design/RSPN-GameJam-2023/Game Jam/Assets
GfxDevice: creating device client; threaded=0; jobified=0
Direct3D:
    Version:  Direct3D 11.0 [level 11.1]
    Renderer: AMD Radeon RX 7900 XTX (ID=0x744c)
    Vendor:   ATI
    VRAM:     24516 MB
    Driver:   31.0.21023.2010
Initialize mono
Mono path[0] = 'C:/Program Files/Unity/Hub/Editor/2022.3.11f1/Editor/Data/Managed'
Mono path[1] = 'C:/Program Files/Unity/Hub/Editor/2022.3.11f1/Editor/Data/MonoBleedingEdge/lib/mono/unityjit-win32'
Mono config path = 'C:/Program Files/Unity/Hub/Editor/2022.3.11f1/Editor/Data/MonoBleedingEdge/etc'
Using monoOptions --debugger-agent=transport=dt_socket,embedding=1,server=y,suspend=n,address=127.0.0.1:56120
Begin MonoManager ReloadAssembly
Registering precompiled unity dll's ...
Register platform support module: C:/Program Files/Unity/Hub/Editor/2022.3.11f1/Editor/Data/PlaybackEngines/WindowsStandaloneSupport/UnityEditor.WindowsStandalone.Extensions.dll
Registered in 0.008574 seconds.
- Loaded All Assemblies, in  0.307 seconds
Native extension for WindowsStandalone target not found
Mono: successfully reloaded assembly
- Finished resetting the current domain, in  0.192 seconds
Domain Reload Profiling: 497ms
	BeginReloadAssembly (93ms)
		ExecutionOrderSort (0ms)
		DisableScriptedObjects (0ms)
		BackupInstance (0ms)
		ReleaseScriptingObjects (0ms)
		CreateAndSetChildDomain (1ms)
	RebuildCommonClasses (33ms)
	RebuildNativeTypeToScriptingClass (8ms)
	initialDomainReloadingComplete (53ms)
	LoadAllAssembliesAndSetupDomain (117ms)
		LoadAssemblies (90ms)
		RebuildTransferFunctionScriptingTraits (0ms)
		AnalyzeDomain (115ms)
			TypeCache.Refresh (114ms)
				TypeCache.ScanAssembly (100ms)
			ScanForSourceGeneratedMonoScriptInfo (0ms)
			ResolveRequiredComponents (0ms)
	FinalizeReload (192ms)
		ReleaseScriptCaches (0ms)
		RebuildScriptCaches (0ms)
		SetupLoadedEditorAssemblies (145ms)
			LogAssemblyErrors (0ms)
			InitializePlatformSupportModulesInManaged (8ms)
			SetLoadedEditorAssemblies (6ms)
			RefreshPlugins (0ms)
			BeforeProcessingInitializeOnLoad (2ms)
			ProcessInitializeOnLoadAttributes (95ms)
			ProcessInitializeOnLoadMethodAttributes (34ms)
			AfterProcessingInitializeOnLoad (0ms)
			EditorAssembliesLoaded (0ms)
		ExecutionOrderSort2 (0ms)
		AwakeInstancesAfterBackupRestoration (0ms)
========================================================================
Worker process is ready to serve import requests
Begin MonoManager ReloadAssembly
- Loaded All Assemblies, in  0.566 seconds
Refreshing native plugins compatible for Editor in 6.34 ms, found 4 plugins.
Native extension for WindowsStandalone target not found
Package Manager log level set to [2]
[Package Manager] Server::EnsureServerProcessIsRunning -- launch failed, reason: Unity was launched with the -noUpm command-line argument
[Package Manager] UpmClient::Send -- Unable to send message (not connected to UPM process).
[Package Manager] Cannot connect to Unity Package Manager local server
Mono: successfully reloaded assembly
- Finished resetting the current domain, in  0.466 seconds
Domain Reload Profiling: 1026ms
	BeginReloadAssembly (129ms)
		ExecutionOrderSort (0ms)
		DisableScriptedObjects (4ms)
		BackupInstance (0ms)
		ReleaseScriptingObjects (0ms)
		CreateAndSetChildDomain (20ms)
	RebuildCommonClasses (30ms)
	RebuildNativeTypeToScriptingClass (11ms)
	initialDomainReloadingComplete (40ms)
	LoadAllAssembliesAndSetupDomain (350ms)
		LoadAssemblies (292ms)
		RebuildTransferFunctionScriptingTraits (0ms)
		AnalyzeDomain (136ms)
			TypeCache.Refresh (114ms)
				TypeCache.ScanAssembly (101ms)
			ScanForSourceGeneratedMonoScriptInfo (16ms)
			ResolveRequiredComponents (4ms)
	FinalizeReload (466ms)
		ReleaseScriptCaches (0ms)
		RebuildScriptCaches (0ms)
		SetupLoadedEditorAssemblies (341ms)
			LogAssemblyErrors (0ms)
			InitializePlatformSupportModulesInManaged (6ms)
			SetLoadedEditorAssemblies (3ms)
			RefreshPlugins (0ms)
			BeforeProcessingInitializeOnLoad (63ms)
			ProcessInitializeOnLoadAttributes (233ms)
			ProcessInitializeOnLoadMethodAttributes (26ms)
			AfterProcessingInitializeOnLoad (9ms)
			EditorAssembliesLoaded (0ms)
		ExecutionOrderSort2 (0ms)
		AwakeInstancesAfterBackupRestoration (5ms)
Launched and connected shader compiler UnityShaderCompiler.exe after 0.03 seconds
Refreshing native plugins compatible for Editor in 5.86 ms, found 4 plugins.
Preloading 0 native plugins for Editor in 0.00 ms.
Unloading 4053 Unused Serialized files (Serialized files now loaded: 0)
Unloading 64 unused Assets / (61.0 KB). Loaded Objects now: 4516.
Memory consumption went from 147.5 MB to 147.5 MB.
Total: 3.046100 ms (FindLiveObjects: 0.265600 ms CreateObjectMapping: 0.167400 ms MarkObjects: 2.504500 ms  DeleteObjects: 0.107700 ms)

AssetImportParameters requested are different than current active one (requested -> active):
  custom:container-demuxer-ogg: 62fdf1f143b41e24485cea50d1cbac27 -> 
  custom:video-decoder-ogg-theora: a1e56fd34408186e4bbccfd4996cb3dc -> 
  custom:framework-win-MediaFoundation: 216162199b28c13a410421893ffa2e32 -> 
  custom:CustomObjectIndexerAttribute: 756ad292c208cfabdd7b50bc23989ffe -> 
  custom:container-demuxer-webm: 4f35f7cbe854078d1ac9338744f61a02 -> 
  custom:container-muxer-webm: aa71ff27fc2769a1b78a27578f13a17b -> 
  custom:video-decoder-webm-vp8: 9c59270c3fd7afecdb556c50c9e8de78 -> 
  custom:SearchIndexIgnoredProperties: e643bd26f0fe6173181afceb89e7c659 -> 
  custom:AudioImporter_EditorPlatform: d09bf68614088b80899f8185d706f6e7 -> 
  custom:video-encoder-webm-vp8: eb34c28f22e8b96e1ab97ce403110664 -> 
  custom:audio-decoder-ogg-vorbis: bf7c407c2cedff20999df2af8eb42d56 -> 
  custom:audio-encoder-webm-vorbis: bf7c407c2cedff20999df2af8eb42d56 -> 
========================================================================
Received Import Request.
  Time since last request: 44652.168603 seconds.
  path: Assets/Prefabs/BasicTowerUp.prefab
  artifactKey: Guid(168b02bbc72e9e444ba2bc6ef73d67d1) Importer(815301076,1909f56bfc062723c751e8b465ee728b)
Start importing Assets/Prefabs/BasicTowerUp.prefab using Guid(168b02bbc72e9e444ba2bc6ef73d67d1) Importer(815301076,1909f56bfc062723c751e8b465ee728b)  -> (artifact id: '03f7d5d3a6dcb9223e21b9eb8353b019') in 0.116420 seconds
Number of updated asset objects reloaded before import = 0
Number of asset objects unloaded after import = 311
========================================================================
Received Import Request.
  Time since last request: 0.281627 seconds.
  path: Assets/Prefabs/BasicTowerUp.prefab
  artifactKey: Guid(168b02bbc72e9e444ba2bc6ef73d67d1) Importer(815301076,1909f56bfc062723c751e8b465ee728b)
Start importing Assets/Prefabs/BasicTowerUp.prefab using Guid(168b02bbc72e9e444ba2bc6ef73d67d1) Importer(815301076,1909f56bfc062723c751e8b465ee728b)  -> (artifact id: '87c53a372e3b0618731b857889fedfd8') in 0.035457 seconds
Number of updated asset objects reloaded before import = 0
Number of asset objects unloaded after import = 311
========================================================================
Received Import Request.
  Time since last request: 0.776249 seconds.
  path: Assets/Prefabs/BasicTowerUp.prefab
  artifactKey: Guid(168b02bbc72e9e444ba2bc6ef73d67d1) Importer(815301076,1909f56bfc062723c751e8b465ee728b)
Start importing Assets/Prefabs/BasicTowerUp.prefab using Guid(168b02bbc72e9e444ba2bc6ef73d67d1) Importer(815301076,1909f56bfc062723c751e8b465ee728b)  -> (artifact id: 'b2c8b3cb4122de6c7a54c9f83bb03273') in 0.046690 seconds
Number of updated asset objects reloaded before import = 0
Number of asset objects unloaded after import = 311
========================================================================
Received Import Request.
  Time since last request: 0.165317 seconds.
  path: Assets/Prefabs/BasicTowerUp.prefab
  artifactKey: Guid(168b02bbc72e9e444ba2bc6ef73d67d1) Importer(815301076,1909f56bfc062723c751e8b465ee728b)
Start importing Assets/Prefabs/BasicTowerUp.prefab using Guid(168b02bbc72e9e444ba2bc6ef73d67d1) Importer(815301076,1909f56bfc062723c751e8b465ee728b)  -> (artifact id: '040b4d99292f1a99f055a3f0ee73946d') in 0.040052 seconds
Number of updated asset objects reloaded before import = 0
Number of asset objects unloaded after import = 311
========================================================================
Received Import Request.
  Time since last request: 0.762531 seconds.
  path: Assets/Prefabs/BasicTowerUp.prefab
  artifactKey: Guid(168b02bbc72e9e444ba2bc6ef73d67d1) Importer(815301076,1909f56bfc062723c751e8b465ee728b)
Start importing Assets/Prefabs/BasicTowerUp.prefab using Guid(168b02bbc72e9e444ba2bc6ef73d67d1) Importer(815301076,1909f56bfc062723c751e8b465ee728b)  -> (artifact id: 'd4a3bf9dc18fa018ddcd7fee7e96bf0b') in 0.028619 seconds
Number of updated asset objects reloaded before import = 0
Number of asset objects unloaded after import = 311
========================================================================
Received Import Request.
  Time since last request: 0.165225 seconds.
  path: Assets/Prefabs/BasicTowerUp.prefab
  artifactKey: Guid(168b02bbc72e9e444ba2bc6ef73d67d1) Importer(815301076,1909f56bfc062723c751e8b465ee728b)
Start importing Assets/Prefabs/BasicTowerUp.prefab using Guid(168b02bbc72e9e444ba2bc6ef73d67d1) Importer(815301076,1909f56bfc062723c751e8b465ee728b)  -> (artifact id: '247c70a9b838dca6081447a64578f11c') in 0.036073 seconds
Number of updated asset objects reloaded before import = 0
Number of asset objects unloaded after import = 311
========================================================================
Received Prepare
Begin MonoManager ReloadAssembly
- Loaded All Assemblies, in  0.428 seconds
Refreshing native plugins compatible for Editor in 6.33 ms, found 4 plugins.
Native extension for WindowsStandalone target not found
[Package Manager] Server::EnsureServerProcessIsRunning -- launch failed, reason: Unity was launched with the -noUpm command-line argument
[Package Manager] UpmClient::Send -- Unable to send message (not connected to UPM process).
[Package Manager] Cannot connect to Unity Package Manager local server
Mono: successfully reloaded assembly
- Finished resetting the current domain, in  0.901 seconds
Domain Reload Profiling: 1324ms
	BeginReloadAssembly (143ms)
		ExecutionOrderSort (0ms)
		DisableScriptedObjects (9ms)
		BackupInstance (0ms)
		ReleaseScriptingObjects (0ms)
		CreateAndSetChildDomain (33ms)
	RebuildCommonClasses (25ms)
	RebuildNativeTypeToScriptingClass (8ms)
	initialDomainReloadingComplete (30ms)
	LoadAllAssembliesAndSetupDomain (217ms)
		LoadAssemblies (277ms)
		RebuildTransferFunctionScriptingTraits (0ms)
		AnalyzeDomain (13ms)
			TypeCache.Refresh (6ms)
				TypeCache.ScanAssembly (0ms)
			ScanForSourceGeneratedMonoScriptInfo (0ms)
			ResolveRequiredComponents (5ms)
	FinalizeReload (902ms)
		ReleaseScriptCaches (0ms)
		RebuildScriptCaches (0ms)
		SetupLoadedEditorAssemblies (329ms)
			LogAssemblyErrors (0ms)
			InitializePlatformSupportModulesInManaged (6ms)
			SetLoadedEditorAssemblies (4ms)
			RefreshPlugins (0ms)
			BeforeProcessingInitializeOnLoad (66ms)
			ProcessInitializeOnLoadAttributes (219ms)
			ProcessInitializeOnLoadMethodAttributes (24ms)
			AfterProcessingInitializeOnLoad (10ms)
			EditorAssembliesLoaded (0ms)
		ExecutionOrderSort2 (0ms)
		AwakeInstancesAfterBackupRestoration (11ms)
Refreshing native plugins compatible for Editor in 7.04 ms, found 4 plugins.
Preloading 0 native plugins for Editor in 0.00 ms.
Unloading 4028 Unused Serialized files (Serialized files now loaded: 0)
Unloading 38 unused Assets / (36.1 KB). Loaded Objects now: 4530.
Memory consumption went from 148.0 MB to 148.0 MB.
Total: 4.022600 ms (FindLiveObjects: 0.368400 ms CreateObjectMapping: 0.258000 ms MarkObjects: 3.292700 ms  DeleteObjects: 0.102600 ms)

Prepare: number of updated asset objects reloaded= 0
AssetImportParameters requested are different than current active one (requested -> active):
  custom:container-demuxer-ogg: 62fdf1f143b41e24485cea50d1cbac27 -> 
  custom:video-decoder-ogg-theora: a1e56fd34408186e4bbccfd4996cb3dc -> 
  custom:framework-win-MediaFoundation: 216162199b28c13a410421893ffa2e32 -> 
  custom:CustomObjectIndexerAttribute: 756ad292c208cfabdd7b50bc23989ffe -> 
  custom:container-demuxer-webm: 4f35f7cbe854078d1ac9338744f61a02 -> 
  custom:container-muxer-webm: aa71ff27fc2769a1b78a27578f13a17b -> 
  custom:video-decoder-webm-vp8: 9c59270c3fd7afecdb556c50c9e8de78 -> 
  custom:SearchIndexIgnoredProperties: e643bd26f0fe6173181afceb89e7c659 -> 
  custom:AudioImporter_EditorPlatform: d09bf68614088b80899f8185d706f6e7 -> 
  custom:video-encoder-webm-vp8: eb34c28f22e8b96e1ab97ce403110664 -> 
  custom:audio-decoder-ogg-vorbis: bf7c407c2cedff20999df2af8eb42d56 -> 
  custom:audio-encoder-webm-vorbis: bf7c407c2cedff20999df2af8eb42d56 -> 
========================================================================
Received Import Request.
  Time since last request: 23.936413 seconds.
  path: Assets/Prefabs/BasicTowerUp.prefab
  artifactKey: Guid(168b02bbc72e9e444ba2bc6ef73d67d1) Importer(815301076,1909f56bfc062723c751e8b465ee728b)
Start importing Assets/Prefabs/BasicTowerUp.prefab using Guid(168b02bbc72e9e444ba2bc6ef73d67d1) Importer(815301076,1909f56bfc062723c751e8b465ee728b)  -> (artifact id: '35e3c34809dea9e329773582cd06e3a4') in 0.091932 seconds
Number of updated asset objects reloaded before import = 0
Number of asset objects unloaded after import = 311
========================================================================
Received Import Request.
  Time since last request: 0.000013 seconds.
  path: Assets/Prefabs/LongRangeUp.prefab
  artifactKey: Guid(aefe176e0b29424488bc4239a0015270) Importer(815301076,1909f56bfc062723c751e8b465ee728b)
Start importing Assets/Prefabs/LongRangeUp.prefab using Guid(aefe176e0b29424488bc4239a0015270) Importer(815301076,1909f56bfc062723c751e8b465ee728b)  -> (artifact id: 'ef311fb7285cb4af6061f36066e2774a') in 0.028515 seconds
Number of updated asset objects reloaded before import = 0
Number of asset objects unloaded after import = 311
========================================================================
Received Import Request.
  Time since last request: 0.835712 seconds.
  path: Assets/Prefabs/BasicTowerUp.prefab
  artifactKey: Guid(168b02bbc72e9e444ba2bc6ef73d67d1) Importer(815301076,1909f56bfc062723c751e8b465ee728b)
Start importing Assets/Prefabs/BasicTowerUp.prefab using Guid(168b02bbc72e9e444ba2bc6ef73d67d1) Importer(815301076,1909f56bfc062723c751e8b465ee728b)  -> (artifact id: 'c90c66b042c490fe2bd4e51f3b9a7ee9') in 0.032483 seconds
Number of updated asset objects reloaded before import = 0
Number of asset objects unloaded after import = 311
========================================================================
Received Import Request.
  Time since last request: 0.000011 seconds.
  path: Assets/Prefabs/Buildable.prefab
  artifactKey: Guid(a4b8bb2b2a053ca459a792f1486fa2ce) Importer(815301076,1909f56bfc062723c751e8b465ee728b)
Start importing Assets/Prefabs/Buildable.prefab using Guid(a4b8bb2b2a053ca459a792f1486fa2ce) Importer(815301076,1909f56bfc062723c751e8b465ee728b)  -> (artifact id: '52d5dc83c7d326e344ed00784a02b7af') in 0.028653 seconds
Number of updated asset objects reloaded before import = 0
Number of asset objects unloaded after import = 311
========================================================================
Received Prepare
Begin MonoManager ReloadAssembly
- Loaded All Assemblies, in  0.437 seconds
Refreshing native plugins compatible for Editor in 7.61 ms, found 4 plugins.
Native extension for WindowsStandalone target not found
[Package Manager] Server::EnsureServerProcessIsRunning -- launch failed, reason: Unity was launched with the -noUpm command-line argument
[Package Manager] UpmClient::Send -- Unable to send message (not connected to UPM process).
[Package Manager] Cannot connect to Unity Package Manager local server
Mono: successfully reloaded assembly
- Finished resetting the current domain, in  0.967 seconds
Domain Reload Profiling: 1399ms
	BeginReloadAssembly (139ms)
		ExecutionOrderSort (0ms)
		DisableScriptedObjects (8ms)
		BackupInstance (0ms)
		ReleaseScriptingObjects (0ms)
		CreateAndSetChildDomain (31ms)
	RebuildCommonClasses (24ms)
	RebuildNativeTypeToScriptingClass (8ms)
	initialDomainReloadingComplete (31ms)
	LoadAllAssembliesAndSetupDomain (230ms)
		LoadAssemblies (288ms)
		RebuildTransferFunctionScriptingTraits (0ms)
		AnalyzeDomain (13ms)
			TypeCache.Refresh (7ms)
				TypeCache.ScanAssembly (0ms)
			ScanForSourceGeneratedMonoScriptInfo (0ms)
			ResolveRequiredComponents (4ms)
	FinalizeReload (968ms)
		ReleaseScriptCaches (0ms)
		RebuildScriptCaches (0ms)
		SetupLoadedEditorAssemblies (368ms)
			LogAssemblyErrors (0ms)
			InitializePlatformSupportModulesInManaged (6ms)
			SetLoadedEditorAssemblies (4ms)
			RefreshPlugins (0ms)
			BeforeProcessingInitializeOnLoad (67ms)
			ProcessInitializeOnLoadAttributes (251ms)
			ProcessInitializeOnLoadMethodAttributes (28ms)
			AfterProcessingInitializeOnLoad (11ms)
			EditorAssembliesLoaded (0ms)
		ExecutionOrderSort2 (0ms)
		AwakeInstancesAfterBackupRestoration (12ms)
Refreshing native plugins compatible for Editor in 6.83 ms, found 4 plugins.
Preloading 0 native plugins for Editor in 0.00 ms.
Unloading 4028 Unused Serialized files (Serialized files now loaded: 0)
Unloading 38 unused Assets / (36.0 KB). Loaded Objects now: 4534.
Memory consumption went from 149.9 MB to 149.9 MB.
Total: 4.234000 ms (FindLiveObjects: 0.334300 ms CreateObjectMapping: 0.225000 ms MarkObjects: 3.581100 ms  DeleteObjects: 0.092800 ms)

Prepare: number of updated asset objects reloaded= 0
AssetImportParameters requested are different than current active one (requested -> active):
  custom:container-demuxer-ogg: 62fdf1f143b41e24485cea50d1cbac27 -> 
  custom:video-decoder-ogg-theora: a1e56fd34408186e4bbccfd4996cb3dc -> 
  custom:framework-win-MediaFoundation: 216162199b28c13a410421893ffa2e32 -> 
  custom:CustomObjectIndexerAttribute: 756ad292c208cfabdd7b50bc23989ffe -> 
  custom:container-demuxer-webm: 4f35f7cbe854078d1ac9338744f61a02 -> 
  custom:container-muxer-webm: aa71ff27fc2769a1b78a27578f13a17b -> 
  custom:video-decoder-webm-vp8: 9c59270c3fd7afecdb556c50c9e8de78 -> 
  custom:SearchIndexIgnoredProperties: e643bd26f0fe6173181afceb89e7c659 -> 
  custom:AudioImporter_EditorPlatform: d09bf68614088b80899f8185d706f6e7 -> 
  custom:video-encoder-webm-vp8: eb34c28f22e8b96e1ab97ce403110664 -> 
  custom:audio-decoder-ogg-vorbis: bf7c407c2cedff20999df2af8eb42d56 -> 
  custom:audio-encoder-webm-vorbis: bf7c407c2cedff20999df2af8eb42d56 -> 
========================================================================
Received Import Request.
  Time since last request: 50.594176 seconds.
  path: Assets/Prefabs/BasicTowerUp.prefab
  artifactKey: Guid(168b02bbc72e9e444ba2bc6ef73d67d1) Importer(815301076,1909f56bfc062723c751e8b465ee728b)
Start importing Assets/Prefabs/BasicTowerUp.prefab using Guid(168b02bbc72e9e444ba2bc6ef73d67d1) Importer(815301076,1909f56bfc062723c751e8b465ee728b)  -> (artifact id: '290fc93053c6cd30a814f531fb084691') in 0.087067 seconds
Number of updated asset objects reloaded before import = 0
Number of asset objects unloaded after import = 311
========================================================================
Received Import Request.
  Time since last request: 0.000012 seconds.
  path: Assets/Prefabs/LongRange.prefab
  artifactKey: Guid(5c4aa7d88384cca4a88afbc860633348) Importer(815301076,1909f56bfc062723c751e8b465ee728b)
Start importing Assets/Prefabs/LongRange.prefab using Guid(5c4aa7d88384cca4a88afbc860633348) Importer(815301076,1909f56bfc062723c751e8b465ee728b)  -> (artifact id: '18aca9bc6765354196ab16cb4a9c2165') in 0.027013 seconds
Number of updated asset objects reloaded before import = 0
Number of asset objects unloaded after import = 311
========================================================================
Received Import Request.
  Time since last request: 0.846732 seconds.
  path: Assets/Prefabs/BasicTowerUp.prefab
  artifactKey: Guid(168b02bbc72e9e444ba2bc6ef73d67d1) Importer(815301076,1909f56bfc062723c751e8b465ee728b)
Start importing Assets/Prefabs/BasicTowerUp.prefab using Guid(168b02bbc72e9e444ba2bc6ef73d67d1) Importer(815301076,1909f56bfc062723c751e8b465ee728b)  -> (artifact id: '1d6cc3dda722adca5da833fa0faab0f8') in 0.046804 seconds
Number of updated asset objects reloaded before import = 0
Number of asset objects unloaded after import = 311
========================================================================
Received Prepare
Begin MonoManager ReloadAssembly
- Loaded All Assemblies, in  0.435 seconds
Refreshing native plugins compatible for Editor in 6.64 ms, found 4 plugins.
Native extension for WindowsStandalone target not found
[Package Manager] Server::EnsureServerProcessIsRunning -- launch failed, reason: Unity was launched with the -noUpm command-line argument
[Package Manager] UpmClient::Send -- Unable to send message (not connected to UPM process).
[Package Manager] Cannot connect to Unity Package Manager local server
Mono: successfully reloaded assembly
- Finished resetting the current domain, in  0.919 seconds
Domain Reload Profiling: 1349ms
	BeginReloadAssembly (139ms)
		ExecutionOrderSort (0ms)
		DisableScriptedObjects (8ms)
		BackupInstance (0ms)
		ReleaseScriptingObjects (0ms)
		CreateAndSetChildDomain (32ms)
	RebuildCommonClasses (24ms)
	RebuildNativeTypeToScriptingClass (8ms)
	initialDomainReloadingComplete (30ms)
	LoadAllAssembliesAndSetupDomain (228ms)
		LoadAssemblies (287ms)
		RebuildTransferFunctionScriptingTraits (0ms)
		AnalyzeDomain (12ms)
			TypeCache.Refresh (7ms)
				TypeCache.ScanAssembly (0ms)
			ScanForSourceGeneratedMonoScriptInfo (0ms)
			ResolveRequiredComponents (4ms)
	FinalizeReload (919ms)
		ReleaseScriptCaches (0ms)
		RebuildScriptCaches (0ms)
		SetupLoadedEditorAssemblies (334ms)
			LogAssemblyErrors (0ms)
			InitializePlatformSupportModulesInManaged (6ms)
			SetLoadedEditorAssemblies (4ms)
			RefreshPlugins (0ms)
			BeforeProcessingInitializeOnLoad (66ms)
			ProcessInitializeOnLoadAttributes (225ms)
			ProcessInitializeOnLoadMethodAttributes (25ms)
			AfterProcessingInitializeOnLoad (9ms)
			EditorAssembliesLoaded (0ms)
		ExecutionOrderSort2 (0ms)
		AwakeInstancesAfterBackupRestoration (10ms)
Refreshing native plugins compatible for Editor in 6.70 ms, found 4 plugins.
Preloading 0 native plugins for Editor in 0.00 ms.
Unloading 4028 Unused Serialized files (Serialized files now loaded: 0)
Unloading 38 unused Assets / (36.1 KB). Loaded Objects now: 4538.
Memory consumption went from 151.9 MB to 151.8 MB.
Total: 3.627400 ms (FindLiveObjects: 0.297600 ms CreateObjectMapping: 0.181700 ms MarkObjects: 3.026500 ms  DeleteObjects: 0.120900 ms)

Prepare: number of updated asset objects reloaded= 0
AssetImportParameters requested are different than current active one (requested -> active):
  custom:container-demuxer-ogg: 62fdf1f143b41e24485cea50d1cbac27 -> 
  custom:video-decoder-ogg-theora: a1e56fd34408186e4bbccfd4996cb3dc -> 
  custom:framework-win-MediaFoundation: 216162199b28c13a410421893ffa2e32 -> 
  custom:CustomObjectIndexerAttribute: 756ad292c208cfabdd7b50bc23989ffe -> 
  custom:container-demuxer-webm: 4f35f7cbe854078d1ac9338744f61a02 -> 
  custom:container-muxer-webm: aa71ff27fc2769a1b78a27578f13a17b -> 
  custom:video-decoder-webm-vp8: 9c59270c3fd7afecdb556c50c9e8de78 -> 
  custom:SearchIndexIgnoredProperties: e643bd26f0fe6173181afceb89e7c659 -> 
  custom:AudioImporter_EditorPlatform: d09bf68614088b80899f8185d706f6e7 -> 
  custom:video-encoder-webm-vp8: eb34c28f22e8b96e1ab97ce403110664 -> 
  custom:audio-decoder-ogg-vorbis: bf7c407c2cedff20999df2af8eb42d56 -> 
  custom:audio-encoder-webm-vorbis: bf7c407c2cedff20999df2af8eb42d56 -> 
========================================================================
Received Import Request.
  Time since last request: 13.856367 seconds.
  path: Assets/Prefabs/BasicTowerUp.prefab
  artifactKey: Guid(168b02bbc72e9e444ba2bc6ef73d67d1) Importer(815301076,1909f56bfc062723c751e8b465ee728b)
Start importing Assets/Prefabs/BasicTowerUp.prefab using Guid(168b02bbc72e9e444ba2bc6ef73d67d1) Importer(815301076,1909f56bfc062723c751e8b465ee728b)  -> (artifact id: 'c8e92ab712db4211a1bc273684d6af8d') in 0.088618 seconds
Number of updated asset objects reloaded before import = 0
Number of asset objects unloaded after import = 311
========================================================================
Received Import Request.
  Time since last request: 0.000015 seconds.
  path: Assets/Prefabs/Buildable.prefab
  artifactKey: Guid(a4b8bb2b2a053ca459a792f1486fa2ce) Importer(815301076,1909f56bfc062723c751e8b465ee728b)
Start importing Assets/Prefabs/Buildable.prefab using Guid(a4b8bb2b2a053ca459a792f1486fa2ce) Importer(815301076,1909f56bfc062723c751e8b465ee728b)  -> (artifact id: '30c6da2cb61208bea41260923355dbba') in 0.026879 seconds
Number of updated asset objects reloaded before import = 0
Number of asset objects unloaded after import = 311
========================================================================
Received Import Request.
  Time since last request: 2.055544 seconds.
  path: Assets/Prefabs/BasicTowerUp.prefab
  artifactKey: Guid(168b02bbc72e9e444ba2bc6ef73d67d1) Importer(815301076,1909f56bfc062723c751e8b465ee728b)
Start importing Assets/Prefabs/BasicTowerUp.prefab using Guid(168b02bbc72e9e444ba2bc6ef73d67d1) Importer(815301076,1909f56bfc062723c751e8b465ee728b)  -> (artifact id: '1ac6255901865872eb8f9cc7699d1b05') in 0.031338 seconds
Number of updated asset objects reloaded before import = 0
Number of asset objects unloaded after import = 311
========================================================================
Received Import Request.
  Time since last request: 0.000012 seconds.
  path: Assets/Prefabs/LongRange.prefab
  artifactKey: Guid(5c4aa7d88384cca4a88afbc860633348) Importer(815301076,1909f56bfc062723c751e8b465ee728b)
Start importing Assets/Prefabs/LongRange.prefab using Guid(5c4aa7d88384cca4a88afbc860633348) Importer(815301076,1909f56bfc062723c751e8b465ee728b)  -> (artifact id: '6b35639f8a4f7e74a5b9d6a236e43e9d') in 0.026085 seconds
Number of updated asset objects reloaded before import = 0
Number of asset objects unloaded after import = 311
========================================================================
Received Import Request.
  Time since last request: 0.138384 seconds.
  path: Assets/Prefabs/BasicTowerUp.prefab
  artifactKey: Guid(168b02bbc72e9e444ba2bc6ef73d67d1) Importer(815301076,1909f56bfc062723c751e8b465ee728b)
Start importing Assets/Prefabs/BasicTowerUp.prefab using Guid(168b02bbc72e9e444ba2bc6ef73d67d1) Importer(815301076,1909f56bfc062723c751e8b465ee728b)  -> (artifact id: '489a3d6e96a2bb7abf17e346a181b74a') in 0.042188 seconds
Number of updated asset objects reloaded before import = 0
Number of asset objects unloaded after import = 311
========================================================================
Received Prepare
Begin MonoManager ReloadAssembly
- Loaded All Assemblies, in  0.437 seconds
Refreshing native plugins compatible for Editor in 7.17 ms, found 4 plugins.
Native extension for WindowsStandalone target not found
[Package Manager] Server::EnsureServerProcessIsRunning -- launch failed, reason: Unity was launched with the -noUpm command-line argument
[Package Manager] UpmClient::Send -- Unable to send message (not connected to UPM process).
[Package Manager] Cannot connect to Unity Package Manager local server
Mono: successfully reloaded assembly
- Finished resetting the current domain, in  0.929 seconds
Domain Reload Profiling: 1361ms
	BeginReloadAssembly (140ms)
		ExecutionOrderSort (0ms)
		DisableScriptedObjects (9ms)
		BackupInstance (0ms)
		ReleaseScriptingObjects (0ms)
		CreateAndSetChildDomain (30ms)
	RebuildCommonClasses (24ms)
	RebuildNativeTypeToScriptingClass (8ms)
	initialDomainReloadingComplete (29ms)
	LoadAllAssembliesAndSetupDomain (230ms)
		LoadAssemblies (291ms)
		RebuildTransferFunctionScriptingTraits (0ms)
		AnalyzeDomain (12ms)
			TypeCache.Refresh (7ms)
				TypeCache.ScanAssembly (0ms)
			ScanForSourceGeneratedMonoScriptInfo (0ms)
			ResolveRequiredComponents (4ms)
	FinalizeReload (929ms)
		ReleaseScriptCaches (0ms)
		RebuildScriptCaches (0ms)
		SetupLoadedEditorAssemblies (338ms)
			LogAssemblyErrors (0ms)
			InitializePlatformSupportModulesInManaged (6ms)
			SetLoadedEditorAssemblies (4ms)
			RefreshPlugins (0ms)
			BeforeProcessingInitializeOnLoad (65ms)
			ProcessInitializeOnLoadAttributes (230ms)
			ProcessInitializeOnLoadMethodAttributes (24ms)
			AfterProcessingInitializeOnLoad (9ms)
			EditorAssembliesLoaded (0ms)
		ExecutionOrderSort2 (0ms)
		AwakeInstancesAfterBackupRestoration (11ms)
Refreshing native plugins compatible for Editor in 6.67 ms, found 4 plugins.
Preloading 0 native plugins for Editor in 0.00 ms.
Unloading 4028 Unused Serialized files (Serialized files now loaded: 0)
Unloading 38 unused Assets / (36.0 KB). Loaded Objects now: 4542.
Memory consumption went from 153.8 MB to 153.8 MB.
Total: 3.329800 ms (FindLiveObjects: 0.280000 ms CreateObjectMapping: 0.183900 ms MarkObjects: 2.761700 ms  DeleteObjects: 0.103400 ms)

Prepare: number of updated asset objects reloaded= 0
AssetImportParameters requested are different than current active one (requested -> active):
  custom:container-demuxer-ogg: 62fdf1f143b41e24485cea50d1cbac27 -> 
  custom:video-decoder-ogg-theora: a1e56fd34408186e4bbccfd4996cb3dc -> 
  custom:framework-win-MediaFoundation: 216162199b28c13a410421893ffa2e32 -> 
  custom:CustomObjectIndexerAttribute: 756ad292c208cfabdd7b50bc23989ffe -> 
  custom:container-demuxer-webm: 4f35f7cbe854078d1ac9338744f61a02 -> 
  custom:container-muxer-webm: aa71ff27fc2769a1b78a27578f13a17b -> 
  custom:video-decoder-webm-vp8: 9c59270c3fd7afecdb556c50c9e8de78 -> 
  custom:SearchIndexIgnoredProperties: e643bd26f0fe6173181afceb89e7c659 -> 
  custom:AudioImporter_EditorPlatform: d09bf68614088b80899f8185d706f6e7 -> 
  custom:video-encoder-webm-vp8: eb34c28f22e8b96e1ab97ce403110664 -> 
  custom:audio-decoder-ogg-vorbis: bf7c407c2cedff20999df2af8eb42d56 -> 
  custom:audio-encoder-webm-vorbis: bf7c407c2cedff20999df2af8eb42d56 -> 
========================================================================
Received Import Request.
  Time since last request: 46.699781 seconds.
  path: Assets/Prefabs/BasicTowerUp.prefab
  artifactKey: Guid(168b02bbc72e9e444ba2bc6ef73d67d1) Importer(815301076,1909f56bfc062723c751e8b465ee728b)
Start importing Assets/Prefabs/BasicTowerUp.prefab using Guid(168b02bbc72e9e444ba2bc6ef73d67d1) Importer(815301076,1909f56bfc062723c751e8b465ee728b)  -> (artifact id: 'a04c20dc50c6dcc2a6395b7f0761d95e') in 0.087569 seconds
Number of updated asset objects reloaded before import = 0
Number of asset objects unloaded after import = 311
========================================================================
Received Import Request.
  Time since last request: 0.071855 seconds.
  path: Assets/Prefabs/BasicTowerUp.prefab
  artifactKey: Guid(168b02bbc72e9e444ba2bc6ef73d67d1) Importer(815301076,1909f56bfc062723c751e8b465ee728b)
Start importing Assets/Prefabs/BasicTowerUp.prefab using Guid(168b02bbc72e9e444ba2bc6ef73d67d1) Importer(815301076,1909f56bfc062723c751e8b465ee728b)  -> (artifact id: 'b6947fd942dc5d3777c03f92fa1bd80b') in 0.030606 seconds
Number of updated asset objects reloaded before import = 0
Number of asset objects unloaded after import = 311
========================================================================
Received Import Request.
  Time since last request: 0.000015 seconds.
  path: Assets/Prefabs/LongRange.prefab
  artifactKey: Guid(5c4aa7d88384cca4a88afbc860633348) Importer(815301076,1909f56bfc062723c751e8b465ee728b)
Start importing Assets/Prefabs/LongRange.prefab using Guid(5c4aa7d88384cca4a88afbc860633348) Importer(815301076,1909f56bfc062723c751e8b465ee728b)  -> (artifact id: '3a9f7d941b6e369e76e5ab88206a2784') in 0.027804 seconds
Number of updated asset objects reloaded before import = 0
Number of asset objects unloaded after import = 311
========================================================================
Received Import Request.
  Time since last request: 0.133352 seconds.
  path: Assets/Prefabs/BasicTowerUp.prefab
  artifactKey: Guid(168b02bbc72e9e444ba2bc6ef73d67d1) Importer(815301076,1909f56bfc062723c751e8b465ee728b)
Start importing Assets/Prefabs/BasicTowerUp.prefab using Guid(168b02bbc72e9e444ba2bc6ef73d67d1) Importer(815301076,1909f56bfc062723c751e8b465ee728b)  -> (artifact id: '16c6dcc975583dffa599353eb64a9e18') in 0.029945 seconds
Number of updated asset objects reloaded before import = 0
Number of asset objects unloaded after import = 311
========================================================================
Received Import Request.
  Time since last request: 0.168740 seconds.
  path: Assets/Prefabs/BasicTowerUp.prefab
  artifactKey: Guid(168b02bbc72e9e444ba2bc6ef73d67d1) Importer(815301076,1909f56bfc062723c751e8b465ee728b)
Start importing Assets/Prefabs/BasicTowerUp.prefab using Guid(168b02bbc72e9e444ba2bc6ef73d67d1) Importer(815301076,1909f56bfc062723c751e8b465ee728b)  -> (artifact id: 'f4f58e76ccc8cb3571529a14a6fb7a0f') in 0.034892 seconds
Number of updated asset objects reloaded before import = 0
Number of asset objects unloaded after import = 311
========================================================================
Received Import Request.
  Time since last request: 0.000011 seconds.
  path: Assets/Prefabs/LongRange.prefab
  artifactKey: Guid(5c4aa7d88384cca4a88afbc860633348) Importer(815301076,1909f56bfc062723c751e8b465ee728b)
Start importing Assets/Prefabs/LongRange.prefab using Guid(5c4aa7d88384cca4a88afbc860633348) Importer(815301076,1909f56bfc062723c751e8b465ee728b)  -> (artifact id: '678f3dc8153046eb204a5fa378191d6f') in 0.027605 seconds
Number of updated asset objects reloaded before import = 0
Number of asset objects unloaded after import = 311
========================================================================
Received Import Request.
  Time since last request: 0.142362 seconds.
  path: Assets/Prefabs/BasicTowerUp.prefab
  artifactKey: Guid(168b02bbc72e9e444ba2bc6ef73d67d1) Importer(815301076,1909f56bfc062723c751e8b465ee728b)
Start importing Assets/Prefabs/BasicTowerUp.prefab using Guid(168b02bbc72e9e444ba2bc6ef73d67d1) Importer(815301076,1909f56bfc062723c751e8b465ee728b)  -> (artifact id: 'b60e6fbf95dd85d96f96172378843c18') in 0.040486 seconds
Number of updated asset objects reloaded before import = 0
Number of asset objects unloaded after import = 311
========================================================================
Received Import Request.
  Time since last request: 0.000013 seconds.
  path: Assets/Prefabs/Buildable.prefab
  artifactKey: Guid(a4b8bb2b2a053ca459a792f1486fa2ce) Importer(815301076,1909f56bfc062723c751e8b465ee728b)
Start importing Assets/Prefabs/Buildable.prefab using Guid(a4b8bb2b2a053ca459a792f1486fa2ce) Importer(815301076,1909f56bfc062723c751e8b465ee728b)  -> (artifact id: '97316fe89928fd97a81f70a2f349bff9') in 0.026850 seconds
Number of updated asset objects reloaded before import = 0
Number of asset objects unloaded after import = 311
========================================================================
Received Import Request.
  Time since last request: 129.884098 seconds.
  path: Assets/Prefabs/AOEUp.prefab
  artifactKey: Guid(ffb117ebb0aa92a459adbd67fbeb7283) Importer(815301076,1909f56bfc062723c751e8b465ee728b)
Start importing Assets/Prefabs/AOEUp.prefab using Guid(ffb117ebb0aa92a459adbd67fbeb7283) Importer(815301076,1909f56bfc062723c751e8b465ee728b)  -> (artifact id: 'b8b3fc8a75abb52752913c6c9cbdba83') in 0.026874 seconds
Number of updated asset objects reloaded before import = 0
Number of asset objects unloaded after import = 311
========================================================================
Received Import Request.
  Time since last request: 0.000013 seconds.
  path: Assets/Prefabs/BasicTower.prefab
  artifactKey: Guid(c079fa8f7c1cb874ba0c96f566d84584) Importer(815301076,1909f56bfc062723c751e8b465ee728b)
Start importing Assets/Prefabs/BasicTower.prefab using Guid(c079fa8f7c1cb874ba0c96f566d84584) Importer(815301076,1909f56bfc062723c751e8b465ee728b)  -> (artifact id: 'e27cf208903e04a602e583cdd046e86e') in 0.028548 seconds
Number of updated asset objects reloaded before import = 0
Number of asset objects unloaded after import = 311
========================================================================
Received Import Request.
  Time since last request: 0.000014 seconds.
  path: Assets/Prefabs/LongRangeUp.prefab
  artifactKey: Guid(aefe176e0b29424488bc4239a0015270) Importer(815301076,1909f56bfc062723c751e8b465ee728b)
Start importing Assets/Prefabs/LongRangeUp.prefab using Guid(aefe176e0b29424488bc4239a0015270) Importer(815301076,1909f56bfc062723c751e8b465ee728b)  -> (artifact id: '25b33c5e122f4de486abeebc7374486c') in 0.031270 seconds
Number of updated asset objects reloaded before import = 0
Number of asset objects unloaded after import = 311
========================================================================
Received Import Request.
  Time since last request: 0.000014 seconds.
  path: Assets/Prefabs/LongRange.prefab
  artifactKey: Guid(5c4aa7d88384cca4a88afbc860633348) Importer(815301076,1909f56bfc062723c751e8b465ee728b)
Start importing Assets/Prefabs/LongRange.prefab using Guid(5c4aa7d88384cca4a88afbc860633348) Importer(815301076,1909f56bfc062723c751e8b465ee728b)  -> (artifact id: '96fce7dea060395b83582aaae9efb051') in 0.026517 seconds
Number of updated asset objects reloaded before import = 0
Number of asset objects unloaded after import = 311
========================================================================
Received Import Request.
  Time since last request: 0.109010 seconds.
  path: Assets/Prefabs/AOEUp.prefab
  artifactKey: Guid(ffb117ebb0aa92a459adbd67fbeb7283) Importer(815301076,1909f56bfc062723c751e8b465ee728b)
Start importing Assets/Prefabs/AOEUp.prefab using Guid(ffb117ebb0aa92a459adbd67fbeb7283) Importer(815301076,1909f56bfc062723c751e8b465ee728b)  -> (artifact id: '98fcb6794390199e0d099538dc7c2121') in 0.028344 seconds
Number of updated asset objects reloaded before import = 0
Number of asset objects unloaded after import = 311
========================================================================
Received Import Request.
  Time since last request: 0.000014 seconds.
  path: Assets/Prefabs/BasicTower.prefab
  artifactKey: Guid(c079fa8f7c1cb874ba0c96f566d84584) Importer(815301076,1909f56bfc062723c751e8b465ee728b)
Start importing Assets/Prefabs/BasicTower.prefab using Guid(c079fa8f7c1cb874ba0c96f566d84584) Importer(815301076,1909f56bfc062723c751e8b465ee728b)  -> (artifact id: 'ed80eff799a8406a8ac27b3195b3ffbf') in 0.027824 seconds
Number of updated asset objects reloaded before import = 0
Number of asset objects unloaded after import = 311
========================================================================
Received Import Request.
  Time since last request: 0.000013 seconds.
  path: Assets/Prefabs/LongRangeUp.prefab
  artifactKey: Guid(aefe176e0b29424488bc4239a0015270) Importer(815301076,1909f56bfc062723c751e8b465ee728b)
Start importing Assets/Prefabs/LongRangeUp.prefab using Guid(aefe176e0b29424488bc4239a0015270) Importer(815301076,1909f56bfc062723c751e8b465ee728b)  -> (artifact id: 'dea08dabc07965dc55462512839a1f99') in 0.028917 seconds
Number of updated asset objects reloaded before import = 0
Number of asset objects unloaded after import = 311
========================================================================
Received Import Request.
  Time since last request: 0.000011 seconds.
  path: Assets/Prefabs/LongRange.prefab
  artifactKey: Guid(5c4aa7d88384cca4a88afbc860633348) Importer(815301076,1909f56bfc062723c751e8b465ee728b)
Start importing Assets/Prefabs/LongRange.prefab using Guid(5c4aa7d88384cca4a88afbc860633348) Importer(815301076,1909f56bfc062723c751e8b465ee728b)  -> (artifact id: 'c00c0c9ba3d4f3f0e3e9af8458b358d9') in 0.027173 seconds
Number of updated asset objects reloaded before import = 0
Number of asset objects unloaded after import = 311
========================================================================
Received Import Request.
  Time since last request: 0.249246 seconds.
  path: Assets/Prefabs/AOEUp.prefab
  artifactKey: Guid(ffb117ebb0aa92a459adbd67fbeb7283) Importer(815301076,1909f56bfc062723c751e8b465ee728b)
Start importing Assets/Prefabs/AOEUp.prefab using Guid(ffb117ebb0aa92a459adbd67fbeb7283) Importer(815301076,1909f56bfc062723c751e8b465ee728b)  -> (artifact id: 'cf7828733492962d3ef4a1814ce552f6') in 0.027324 seconds
Number of updated asset objects reloaded before import = 0
Number of asset objects unloaded after import = 311
========================================================================
Received Import Request.
  Time since last request: 0.000012 seconds.
  path: Assets/Prefabs/BasicTowerUp.prefab
  artifactKey: Guid(168b02bbc72e9e444ba2bc6ef73d67d1) Importer(815301076,1909f56bfc062723c751e8b465ee728b)
Start importing Assets/Prefabs/BasicTowerUp.prefab using Guid(168b02bbc72e9e444ba2bc6ef73d67d1) Importer(815301076,1909f56bfc062723c751e8b465ee728b)  -> (artifact id: '35086b66e6f42946337e7a56c4666b05') in 0.029674 seconds
Number of updated asset objects reloaded before import = 0
Number of asset objects unloaded after import = 311
========================================================================
Received Import Request.
  Time since last request: 0.000011 seconds.
  path: Assets/Prefabs/LongRangeUp.prefab
  artifactKey: Guid(aefe176e0b29424488bc4239a0015270) Importer(815301076,1909f56bfc062723c751e8b465ee728b)
Start importing Assets/Prefabs/LongRangeUp.prefab using Guid(aefe176e0b29424488bc4239a0015270) Importer(815301076,1909f56bfc062723c751e8b465ee728b)  -> (artifact id: '02faf8025075929b364f2291e860be76') in 0.026938 seconds
Number of updated asset objects reloaded before import = 0
Number of asset objects unloaded after import = 311
========================================================================
Received Import Request.
  Time since last request: 0.000014 seconds.
  path: Assets/Prefabs/LongRange.prefab
  artifactKey: Guid(5c4aa7d88384cca4a88afbc860633348) Importer(815301076,1909f56bfc062723c751e8b465ee728b)
Start importing Assets/Prefabs/LongRange.prefab using Guid(5c4aa7d88384cca4a88afbc860633348) Importer(815301076,1909f56bfc062723c751e8b465ee728b)  -> (artifact id: '58892246f15db6d17839dc7dca2591c3') in 0.027847 seconds
Number of updated asset objects reloaded before import = 0
Number of asset objects unloaded after import = 311
========================================================================
Received Import Request.
  Time since last request: 0.118482 seconds.
  path: Assets/Prefabs/AOEUp.prefab
  artifactKey: Guid(ffb117ebb0aa92a459adbd67fbeb7283) Importer(815301076,1909f56bfc062723c751e8b465ee728b)
Start importing Assets/Prefabs/AOEUp.prefab using Guid(ffb117ebb0aa92a459adbd67fbeb7283) Importer(815301076,1909f56bfc062723c751e8b465ee728b)  -> (artifact id: '12f1c0643bac9f3fe438280fc46f40ec') in 0.026173 seconds
Number of updated asset objects reloaded before import = 0
Number of asset objects unloaded after import = 311
========================================================================
Received Import Request.
  Time since last request: 0.000010 seconds.
  path: Assets/Prefabs/BasicTowerUp.prefab
  artifactKey: Guid(168b02bbc72e9e444ba2bc6ef73d67d1) Importer(815301076,1909f56bfc062723c751e8b465ee728b)
Start importing Assets/Prefabs/BasicTowerUp.prefab using Guid(168b02bbc72e9e444ba2bc6ef73d67d1) Importer(815301076,1909f56bfc062723c751e8b465ee728b)  -> (artifact id: '6bf3c0309de07252b8055e87c297669b') in 0.026694 seconds
Number of updated asset objects reloaded before import = 0
Number of asset objects unloaded after import = 311
========================================================================
Received Import Request.
  Time since last request: 0.000012 seconds.
  path: Assets/Prefabs/LongRangeUp.prefab
  artifactKey: Guid(aefe176e0b29424488bc4239a0015270) Importer(815301076,1909f56bfc062723c751e8b465ee728b)
Start importing Assets/Prefabs/LongRangeUp.prefab using Guid(aefe176e0b29424488bc4239a0015270) Importer(815301076,1909f56bfc062723c751e8b465ee728b)  -> (artifact id: '89c6be489ec359d2ea64cda557a0ba88') in 0.029750 seconds
Number of updated asset objects reloaded before import = 0
Number of asset objects unloaded after import = 311
========================================================================
Received Import Request.
  Time since last request: 0.296899 seconds.
  path: Assets/Prefabs/AOEUp.prefab
  artifactKey: Guid(ffb117ebb0aa92a459adbd67fbeb7283) Importer(815301076,1909f56bfc062723c751e8b465ee728b)
Start importing Assets/Prefabs/AOEUp.prefab using Guid(ffb117ebb0aa92a459adbd67fbeb7283) Importer(815301076,1909f56bfc062723c751e8b465ee728b)  -> (artifact id: 'fa7bb93453eb7e4061ba7cfe41649a12') in 0.027952 seconds
Number of updated asset objects reloaded before import = 0
Number of asset objects unloaded after import = 311
========================================================================
Received Import Request.
  Time since last request: 0.000011 seconds.
  path: Assets/Prefabs/BasicTower.prefab
  artifactKey: Guid(c079fa8f7c1cb874ba0c96f566d84584) Importer(815301076,1909f56bfc062723c751e8b465ee728b)
Start importing Assets/Prefabs/BasicTower.prefab using Guid(c079fa8f7c1cb874ba0c96f566d84584) Importer(815301076,1909f56bfc062723c751e8b465ee728b)  -> (artifact id: 'df58f9ca5e10af81ff06a8e4767e46b3') in 0.027111 seconds
Number of updated asset objects reloaded before import = 0
Number of asset objects unloaded after import = 311
========================================================================
Received Import Request.
  Time since last request: 0.000012 seconds.
  path: Assets/Prefabs/LongRangeUp.prefab
  artifactKey: Guid(aefe176e0b29424488bc4239a0015270) Importer(815301076,1909f56bfc062723c751e8b465ee728b)
Start importing Assets/Prefabs/LongRangeUp.prefab using Guid(aefe176e0b29424488bc4239a0015270) Importer(815301076,1909f56bfc062723c751e8b465ee728b)  -> (artifact id: '84c6cc3cb7f03da3998b558776251721') in 0.026469 seconds
Number of updated asset objects reloaded before import = 0
Number of asset objects unloaded after import = 311
========================================================================
Received Import Request.
  Time since last request: 0.000011 seconds.
  path: Assets/Prefabs/LongRange.prefab
  artifactKey: Guid(5c4aa7d88384cca4a88afbc860633348) Importer(815301076,1909f56bfc062723c751e8b465ee728b)
Start importing Assets/Prefabs/LongRange.prefab using Guid(5c4aa7d88384cca4a88afbc860633348) Importer(815301076,1909f56bfc062723c751e8b465ee728b)  -> (artifact id: '801261899dad73d38edbba3c0c07d12d') in 0.026323 seconds
Number of updated asset objects reloaded before import = 0
Number of asset objects unloaded after import = 311
========================================================================
Received Import Request.
  Time since last request: 0.092020 seconds.
  path: Assets/Prefabs/AOEUp.prefab
  artifactKey: Guid(ffb117ebb0aa92a459adbd67fbeb7283) Importer(815301076,1909f56bfc062723c751e8b465ee728b)
Start importing Assets/Prefabs/AOEUp.prefab using Guid(ffb117ebb0aa92a459adbd67fbeb7283) Importer(815301076,1909f56bfc062723c751e8b465ee728b)  -> (artifact id: '325400aafa4b1dae14b944ad6fb50b5f') in 0.027353 seconds
Number of updated asset objects reloaded before import = 0
Number of asset objects unloaded after import = 311
========================================================================
Received Import Request.
  Time since last request: 0.000012 seconds.
  path: Assets/Prefabs/BasicTowerUp.prefab
  artifactKey: Guid(168b02bbc72e9e444ba2bc6ef73d67d1) Importer(815301076,1909f56bfc062723c751e8b465ee728b)
Start importing Assets/Prefabs/BasicTowerUp.prefab using Guid(168b02bbc72e9e444ba2bc6ef73d67d1) Importer(815301076,1909f56bfc062723c751e8b465ee728b)  -> (artifact id: '12669390a2d8b98bf6d9420785a801bf') in 0.030416 seconds
Number of updated asset objects reloaded before import = 0
Number of asset objects unloaded after import = 311
========================================================================
Received Import Request.
  Time since last request: 0.000011 seconds.
  path: Assets/Prefabs/Buildable.prefab
  artifactKey: Guid(a4b8bb2b2a053ca459a792f1486fa2ce) Importer(815301076,1909f56bfc062723c751e8b465ee728b)
Start importing Assets/Prefabs/Buildable.prefab using Guid(a4b8bb2b2a053ca459a792f1486fa2ce) Importer(815301076,1909f56bfc062723c751e8b465ee728b)  -> (artifact id: 'e8605de8664ce8e4c8e5afc5359334ed') in 0.027007 seconds
Number of updated asset objects reloaded before import = 0
Number of asset objects unloaded after import = 311
========================================================================
Received Import Request.
  Time since last request: 0.000011 seconds.
  path: Assets/Prefabs/LongRange.prefab
  artifactKey: Guid(5c4aa7d88384cca4a88afbc860633348) Importer(815301076,1909f56bfc062723c751e8b465ee728b)
Start importing Assets/Prefabs/LongRange.prefab using Guid(5c4aa7d88384cca4a88afbc860633348) Importer(815301076,1909f56bfc062723c751e8b465ee728b)  -> (artifact id: 'bdbfd4ac1d17591bd1cd04cf0563bfa3') in 0.025673 seconds
Number of updated asset objects reloaded before import = 0
Number of asset objects unloaded after import = 311
========================================================================
Received Import Request.
  Time since last request: 0.086534 seconds.
  path: Assets/Prefabs/AOEUp.prefab
  artifactKey: Guid(ffb117ebb0aa92a459adbd67fbeb7283) Importer(815301076,1909f56bfc062723c751e8b465ee728b)
Start importing Assets/Prefabs/AOEUp.prefab using Guid(ffb117ebb0aa92a459adbd67fbeb7283) Importer(815301076,1909f56bfc062723c751e8b465ee728b)  -> (artifact id: 'db4ff7eeceade30aec6a50786d6c14e2') in 0.030455 seconds
Number of updated asset objects reloaded before import = 0
Number of asset objects unloaded after import = 311
========================================================================
Received Import Request.
  Time since last request: 0.000011 seconds.
  path: Assets/Prefabs/BasicTower.prefab
  artifactKey: Guid(c079fa8f7c1cb874ba0c96f566d84584) Importer(815301076,1909f56bfc062723c751e8b465ee728b)
Start importing Assets/Prefabs/BasicTower.prefab using Guid(c079fa8f7c1cb874ba0c96f566d84584) Importer(815301076,1909f56bfc062723c751e8b465ee728b)  -> (artifact id: '0443f231a878a00cd82a924af9ec4488') in 0.025846 seconds
Number of updated asset objects reloaded before import = 0
Number of asset objects unloaded after import = 311
========================================================================
Received Import Request.
  Time since last request: 0.000016 seconds.
  path: Assets/Prefabs/LongRangeUp.prefab
  artifactKey: Guid(aefe176e0b29424488bc4239a0015270) Importer(815301076,1909f56bfc062723c751e8b465ee728b)
Start importing Assets/Prefabs/LongRangeUp.prefab using Guid(aefe176e0b29424488bc4239a0015270) Importer(815301076,1909f56bfc062723c751e8b465ee728b)  -> (artifact id: '51ba258402fe205edbd5436c859562f0') in 0.027276 seconds
Number of updated asset objects reloaded before import = 0
Number of asset objects unloaded after import = 311
========================================================================
Received Import Request.
  Time since last request: 0.000011 seconds.
  path: Assets/Prefabs/LongRange.prefab
  artifactKey: Guid(5c4aa7d88384cca4a88afbc860633348) Importer(815301076,1909f56bfc062723c751e8b465ee728b)
Start importing Assets/Prefabs/LongRange.prefab using Guid(5c4aa7d88384cca4a88afbc860633348) Importer(815301076,1909f56bfc062723c751e8b465ee728b)  -> (artifact id: '5be2a3170248bcbfd6baa47f523e7391') in 0.025776 seconds
Number of updated asset objects reloaded before import = 0
Number of asset objects unloaded after import = 311
========================================================================
Received Import Request.
  Time since last request: 5.133762 seconds.
  path: Assets/Prefabs/BasicTowerUp.prefab
  artifactKey: Guid(168b02bbc72e9e444ba2bc6ef73d67d1) Importer(815301076,1909f56bfc062723c751e8b465ee728b)
Start importing Assets/Prefabs/BasicTowerUp.prefab using Guid(168b02bbc72e9e444ba2bc6ef73d67d1) Importer(815301076,1909f56bfc062723c751e8b465ee728b)  -> (artifact id: '9d9b692d8ff96d9c5103e53e515a59bd') in 0.038545 seconds
Number of updated asset objects reloaded before import = 0
Number of asset objects unloaded after import = 311
========================================================================
Received Import Request.
  Time since last request: 0.000020 seconds.
  path: Assets/Prefabs/Buildable.prefab
  artifactKey: Guid(a4b8bb2b2a053ca459a792f1486fa2ce) Importer(815301076,1909f56bfc062723c751e8b465ee728b)
Start importing Assets/Prefabs/Buildable.prefab using Guid(a4b8bb2b2a053ca459a792f1486fa2ce) Importer(815301076,1909f56bfc062723c751e8b465ee728b)  -> (artifact id: 'f8208a1d56cf592f5fbbcbc06732b65e') in 0.027158 seconds
Number of updated asset objects reloaded before import = 0
Number of asset objects unloaded after import = 311
========================================================================
Received Import Request.
  Time since last request: 0.132648 seconds.
  path: Assets/Prefabs/BasicTowerUp.prefab
  artifactKey: Guid(168b02bbc72e9e444ba2bc6ef73d67d1) Importer(815301076,1909f56bfc062723c751e8b465ee728b)
Start importing Assets/Prefabs/BasicTowerUp.prefab using Guid(168b02bbc72e9e444ba2bc6ef73d67d1) Importer(815301076,1909f56bfc062723c751e8b465ee728b)  -> (artifact id: 'd39ed4b07d48b67aca168d23f3e1dbbe') in 0.036110 seconds
Number of updated asset objects reloaded before import = 0
Number of asset objects unloaded after import = 311
========================================================================
Received Import Request.
  Time since last request: 0.161521 seconds.
  path: Assets/Prefabs/BasicTowerUp.prefab
  artifactKey: Guid(168b02bbc72e9e444ba2bc6ef73d67d1) Importer(815301076,1909f56bfc062723c751e8b465ee728b)
Start importing Assets/Prefabs/BasicTowerUp.prefab using Guid(168b02bbc72e9e444ba2bc6ef73d67d1) Importer(815301076,1909f56bfc062723c751e8b465ee728b)  -> (artifact id: '87510614062988f0eb4bcb3f330003ff') in 0.030001 seconds
Number of updated asset objects reloaded before import = 0
Number of asset objects unloaded after import = 311
========================================================================
Received Import Request.
  Time since last request: 0.192193 seconds.
  path: Assets/Prefabs/BasicTowerUp.prefab
  artifactKey: Guid(168b02bbc72e9e444ba2bc6ef73d67d1) Importer(815301076,1909f56bfc062723c751e8b465ee728b)
Start importing Assets/Prefabs/BasicTowerUp.prefab using Guid(168b02bbc72e9e444ba2bc6ef73d67d1) Importer(815301076,1909f56bfc062723c751e8b465ee728b)  -> (artifact id: '32de547cc76abdfa8149ff54cf8a081e') in 0.028581 seconds
Number of updated asset objects reloaded before import = 0
Number of asset objects unloaded after import = 311
========================================================================
Received Import Request.
  Time since last request: 0.000010 seconds.
  path: Assets/Prefabs/LongRangeUp.prefab
  artifactKey: Guid(aefe176e0b29424488bc4239a0015270) Importer(815301076,1909f56bfc062723c751e8b465ee728b)
Start importing Assets/Prefabs/LongRangeUp.prefab using Guid(aefe176e0b29424488bc4239a0015270) Importer(815301076,1909f56bfc062723c751e8b465ee728b)  -> (artifact id: '4722cb3f0ade3f6fe3d330c08b23f80e') in 0.028046 seconds
Number of updated asset objects reloaded before import = 0
Number of asset objects unloaded after import = 311
========================================================================
Received Import Request.
  Time since last request: 0.523992 seconds.
  path: Assets/Prefabs/BasicTowerUp.prefab
  artifactKey: Guid(168b02bbc72e9e444ba2bc6ef73d67d1) Importer(815301076,1909f56bfc062723c751e8b465ee728b)
Start importing Assets/Prefabs/BasicTowerUp.prefab using Guid(168b02bbc72e9e444ba2bc6ef73d67d1) Importer(815301076,1909f56bfc062723c751e8b465ee728b)  -> (artifact id: '5306e6a5106e30ff200d14362b18010f') in 0.029519 seconds
Number of updated asset objects reloaded before import = 0
Number of asset objects unloaded after import = 311
========================================================================
Received Import Request.
  Time since last request: 0.000011 seconds.
  path: Assets/Prefabs/LongRange.prefab
  artifactKey: Guid(5c4aa7d88384cca4a88afbc860633348) Importer(815301076,1909f56bfc062723c751e8b465ee728b)
Start importing Assets/Prefabs/LongRange.prefab using Guid(5c4aa7d88384cca4a88afbc860633348) Importer(815301076,1909f56bfc062723c751e8b465ee728b)  -> (artifact id: 'ff53b2cec67f782f993637687047a703') in 0.027106 seconds
Number of updated asset objects reloaded before import = 0
Number of asset objects unloaded after import = 311
========================================================================
Received Import Request.
  Time since last request: 2.756084 seconds.
  path: Assets/Prefabs/BasicTowerUp.prefab
  artifactKey: Guid(168b02bbc72e9e444ba2bc6ef73d67d1) Importer(815301076,1909f56bfc062723c751e8b465ee728b)
Start importing Assets/Prefabs/BasicTowerUp.prefab using Guid(168b02bbc72e9e444ba2bc6ef73d67d1) Importer(815301076,1909f56bfc062723c751e8b465ee728b)  -> (artifact id: 'f3f84820a75d4ed949672e2808990a56') in 0.029561 seconds
Number of updated asset objects reloaded before import = 0
Number of asset objects unloaded after import = 311
========================================================================
Received Import Request.
  Time since last request: 0.000014 seconds.
  path: Assets/Prefabs/LongRangeUp.prefab
  artifactKey: Guid(aefe176e0b29424488bc4239a0015270) Importer(815301076,1909f56bfc062723c751e8b465ee728b)
Start importing Assets/Prefabs/LongRangeUp.prefab using Guid(aefe176e0b29424488bc4239a0015270) Importer(815301076,1909f56bfc062723c751e8b465ee728b)  -> (artifact id: '2a93d09ce1d198cc85f4e36cd9324299') in 0.031365 seconds
Number of updated asset objects reloaded before import = 0
Number of asset objects unloaded after import = 311
========================================================================
Received Import Request.
  Time since last request: 0.140040 seconds.
  path: Assets/Prefabs/BasicTowerUp.prefab
  artifactKey: Guid(168b02bbc72e9e444ba2bc6ef73d67d1) Importer(815301076,1909f56bfc062723c751e8b465ee728b)
Start importing Assets/Prefabs/BasicTowerUp.prefab using Guid(168b02bbc72e9e444ba2bc6ef73d67d1) Importer(815301076,1909f56bfc062723c751e8b465ee728b)  -> (artifact id: '663f7589541846ca602568f7c835cb19') in 0.042528 seconds
Number of updated asset objects reloaded before import = 0
Number of asset objects unloaded after import = 311
========================================================================
Received Import Request.
  Time since last request: 0.000011 seconds.
  path: Assets/Prefabs/LongRange.prefab
  artifactKey: Guid(5c4aa7d88384cca4a88afbc860633348) Importer(815301076,1909f56bfc062723c751e8b465ee728b)
Start importing Assets/Prefabs/LongRange.prefab using Guid(5c4aa7d88384cca4a88afbc860633348) Importer(815301076,1909f56bfc062723c751e8b465ee728b)  -> (artifact id: 'ac830ee7e2cd8d4ffac664dc9486ab74') in 0.026906 seconds
Number of updated asset objects reloaded before import = 0
Number of asset objects unloaded after import = 311
========================================================================
Received Import Request.
  Time since last request: 1.541078 seconds.
  path: Assets/Prefabs/BasicTowerUp.prefab
  artifactKey: Guid(168b02bbc72e9e444ba2bc6ef73d67d1) Importer(815301076,1909f56bfc062723c751e8b465ee728b)
Start importing Assets/Prefabs/BasicTowerUp.prefab using Guid(168b02bbc72e9e444ba2bc6ef73d67d1) Importer(815301076,1909f56bfc062723c751e8b465ee728b)  -> (artifact id: 'cebcc390a51128dc9099a502f339028d') in 0.029012 seconds
Number of updated asset objects reloaded before import = 0
Number of asset objects unloaded after import = 311
========================================================================
Received Import Request.
  Time since last request: 0.000010 seconds.
  path: Assets/Prefabs/Buildable.prefab
  artifactKey: Guid(a4b8bb2b2a053ca459a792f1486fa2ce) Importer(815301076,1909f56bfc062723c751e8b465ee728b)
Start importing Assets/Prefabs/Buildable.prefab using Guid(a4b8bb2b2a053ca459a792f1486fa2ce) Importer(815301076,1909f56bfc062723c751e8b465ee728b)  -> (artifact id: '5af2631d73588f8c6bf8b85f1e96f8c2') in 0.025848 seconds
Number of updated asset objects reloaded before import = 0
Number of asset objects unloaded after import = 311
========================================================================
Received Prepare
Begin MonoManager ReloadAssembly
- Loaded All Assemblies, in  0.436 seconds
Refreshing native plugins compatible for Editor in 6.55 ms, found 4 plugins.
Native extension for WindowsStandalone target not found
[Package Manager] Server::EnsureServerProcessIsRunning -- launch failed, reason: Unity was launched with the -noUpm command-line argument
[Package Manager] UpmClient::Send -- Unable to send message (not connected to UPM process).
[Package Manager] Cannot connect to Unity Package Manager local server
Mono: successfully reloaded assembly
- Finished resetting the current domain, in  0.909 seconds
Domain Reload Profiling: 1339ms
	BeginReloadAssembly (144ms)
		ExecutionOrderSort (0ms)
		DisableScriptedObjects (9ms)
		BackupInstance (0ms)
		ReleaseScriptingObjects (0ms)
		CreateAndSetChildDomain (32ms)
	RebuildCommonClasses (24ms)
	RebuildNativeTypeToScriptingClass (11ms)
	initialDomainReloadingComplete (31ms)
	LoadAllAssembliesAndSetupDomain (220ms)
		LoadAssemblies (284ms)
		RebuildTransferFunctionScriptingTraits (0ms)
		AnalyzeDomain (12ms)
			TypeCache.Refresh (7ms)
				TypeCache.ScanAssembly (0ms)
			ScanForSourceGeneratedMonoScriptInfo (0ms)
			ResolveRequiredComponents (4ms)
	FinalizeReload (909ms)
		ReleaseScriptCaches (0ms)
		RebuildScriptCaches (0ms)
		SetupLoadedEditorAssemblies (328ms)
			LogAssemblyErrors (0ms)
			InitializePlatformSupportModulesInManaged (6ms)
			SetLoadedEditorAssemblies (4ms)
			RefreshPlugins (0ms)
			BeforeProcessingInitializeOnLoad (65ms)
			ProcessInitializeOnLoadAttributes (219ms)
			ProcessInitializeOnLoadMethodAttributes (25ms)
			AfterProcessingInitializeOnLoad (9ms)
			EditorAssembliesLoaded (0ms)
		ExecutionOrderSort2 (0ms)
		AwakeInstancesAfterBackupRestoration (10ms)
Refreshing native plugins compatible for Editor in 6.26 ms, found 4 plugins.
Preloading 0 native plugins for Editor in 0.00 ms.
Unloading 4028 Unused Serialized files (Serialized files now loaded: 0)
Unloading 38 unused Assets / (36.0 KB). Loaded Objects now: 4546.
Memory consumption went from 155.8 MB to 155.8 MB.
Total: 3.731500 ms (FindLiveObjects: 0.332800 ms CreateObjectMapping: 0.368900 ms MarkObjects: 2.926500 ms  DeleteObjects: 0.102300 ms)

Prepare: number of updated asset objects reloaded= 0
AssetImportParameters requested are different than current active one (requested -> active):
  custom:container-demuxer-ogg: 62fdf1f143b41e24485cea50d1cbac27 -> 
  custom:video-decoder-ogg-theora: a1e56fd34408186e4bbccfd4996cb3dc -> 
  custom:framework-win-MediaFoundation: 216162199b28c13a410421893ffa2e32 -> 
  custom:CustomObjectIndexerAttribute: 756ad292c208cfabdd7b50bc23989ffe -> 
  custom:container-demuxer-webm: 4f35f7cbe854078d1ac9338744f61a02 -> 
  custom:container-muxer-webm: aa71ff27fc2769a1b78a27578f13a17b -> 
  custom:video-decoder-webm-vp8: 9c59270c3fd7afecdb556c50c9e8de78 -> 
  custom:SearchIndexIgnoredProperties: e643bd26f0fe6173181afceb89e7c659 -> 
  custom:AudioImporter_EditorPlatform: d09bf68614088b80899f8185d706f6e7 -> 
  custom:video-encoder-webm-vp8: eb34c28f22e8b96e1ab97ce403110664 -> 
  custom:audio-decoder-ogg-vorbis: bf7c407c2cedff20999df2af8eb42d56 -> 
  custom:audio-encoder-webm-vorbis: bf7c407c2cedff20999df2af8eb42d56 -> 
Editor requested this worker to shutdown with reason: Scaling down because of idle timeout
TcpMessagingSession - receive error: operation aborted. errorcode: 995, details: The I/O operation has been aborted because of either a thread exit or an application request.
AssetImportWorker is now disconnected from the server
Process exiting
Exiting without the bug reporter. Application will terminate with return code 0