Using pre-set license
Built from '2022.3/staging' branch; Version is '2022.3.11f1 (d00248457e15) revision 13632072'; Using compiler version '192829333'; Build Type 'Release'
OS: 'Windows 11  (10.0.22621) 64bit Core' Language: 'en' Physical Memory: 32689 MB
BatchMode: 1, IsHumanControllingUs: 0, StartBugReporterOnCrash: 0, Is64bit: 1, IsPro: 1

COMMAND LINE ARGUMENTS:
C:\Program Files\Unity\Hub\Editor\2022.3.11f1\Editor\Unity.exe
-adb2
-batchMode
-noUpm
-name
AssetImportWorker21
-projectPath
C:/Users/Danie/OneDrive - UW-Madison/Game design/RSPN-GameJam-2023/Game Jam
-logFile
Logs/AssetImportWorker21.log
-srvPort
55309
Successfully changed project path to: C:/Users/Danie/OneDrive - UW-Madison/Game design/RSPN-GameJam-2023/Game Jam
C:/Users/Danie/OneDrive - UW-Madison/Game design/RSPN-GameJam-2023/Game Jam
[UnityMemory] Configuration Parameters - Can be set up in boot.config
    "memorysetup-bucket-allocator-granularity=16"
    "memorysetup-bucket-allocator-bucket-count=8"
    "memorysetup-bucket-allocator-block-size=33554432"
    "memorysetup-bucket-allocator-block-count=8"
    "memorysetup-main-allocator-block-size=16777216"
    "memorysetup-thread-allocator-block-size=16777216"
    "memorysetup-gfx-main-allocator-block-size=16777216"
    "memorysetup-gfx-thread-allocator-block-size=16777216"
    "memorysetup-cache-allocator-block-size=4194304"
    "memorysetup-typetree-allocator-block-size=2097152"
    "memorysetup-profiler-bucket-allocator-granularity=16"
    "memorysetup-profiler-bucket-allocator-bucket-count=8"
    "memorysetup-profiler-bucket-allocator-block-size=33554432"
    "memorysetup-profiler-bucket-allocator-block-count=8"
    "memorysetup-profiler-allocator-block-size=16777216"
    "memorysetup-profiler-editor-allocator-block-size=1048576"
    "memorysetup-temp-allocator-size-main=16777216"
    "memorysetup-job-temp-allocator-block-size=2097152"
    "memorysetup-job-temp-allocator-block-size-background=1048576"
    "memorysetup-job-temp-allocator-reduction-small-platforms=262144"
    "memorysetup-allocator-temp-initial-block-size-main=262144"
    "memorysetup-allocator-temp-initial-block-size-worker=262144"
    "memorysetup-temp-allocator-size-background-worker=32768"
    "memorysetup-temp-allocator-size-job-worker=262144"
    "memorysetup-temp-allocator-size-preload-manager=33554432"
    "memorysetup-temp-allocator-size-nav-mesh-worker=65536"
    "memorysetup-temp-allocator-size-audio-worker=65536"
    "memorysetup-temp-allocator-size-cloud-worker=32768"
    "memorysetup-temp-allocator-size-gi-baking-worker=262144"
    "memorysetup-temp-allocator-size-gfx=262144"
Player connection [23400] Host "[IP] 10.143.132.226 [Port] 0 [Flags] 2 [Guid] 3486234980 [EditorId] 3486234980 [Version] 1048832 [Id] WindowsEditor(7,D-MaxPower) [Debug] 1 [PackageName] WindowsEditor [ProjectName] Editor" joined multi-casting on [225.0.0.222:54997]...

Player connection [23400] Host "[IP] 10.143.132.226 [Port] 0 [Flags] 2 [Guid] 3486234980 [EditorId] 3486234980 [Version] 1048832 [Id] WindowsEditor(7,D-MaxPower) [Debug] 1 [PackageName] WindowsEditor [ProjectName] Editor" joined alternative multi-casting on [225.0.0.222:34997]...

[Physics::Module] Initialized MultithreadedJobDispatcher with 15 workers.
Refreshing native plugins compatible for Editor in 12.83 ms, found 4 plugins.
Preloading 0 native plugins for Editor in 0.00 ms.
Initialize engine version: 2022.3.11f1 (d00248457e15)
[Subsystems] Discovering subsystems at path C:/Program Files/Unity/Hub/Editor/2022.3.11f1/Editor/Data/Resources/UnitySubsystems
[Subsystems] Discovering subsystems at path C:/Users/Danie/OneDrive - UW-Madison/Game design/RSPN-GameJam-2023/Game Jam/Assets
GfxDevice: creating device client; threaded=0; jobified=0
Direct3D:
    Version:  Direct3D 11.0 [level 11.1]
    Renderer: AMD Radeon RX 7900 XTX (ID=0x744c)
    Vendor:   ATI
    VRAM:     24516 MB
    Driver:   31.0.21023.2010
Initialize mono
Mono path[0] = 'C:/Program Files/Unity/Hub/Editor/2022.3.11f1/Editor/Data/Managed'
Mono path[1] = 'C:/Program Files/Unity/Hub/Editor/2022.3.11f1/Editor/Data/MonoBleedingEdge/lib/mono/unityjit-win32'
Mono config path = 'C:/Program Files/Unity/Hub/Editor/2022.3.11f1/Editor/Data/MonoBleedingEdge/etc'
Using monoOptions --debugger-agent=transport=dt_socket,embedding=1,server=y,suspend=n,address=127.0.0.1:56052
Begin MonoManager ReloadAssembly
Registering precompiled unity dll's ...
Register platform support module: C:/Program Files/Unity/Hub/Editor/2022.3.11f1/Editor/Data/PlaybackEngines/WindowsStandaloneSupport/UnityEditor.WindowsStandalone.Extensions.dll
Registered in 0.008235 seconds.
- Loaded All Assemblies, in  0.262 seconds
Native extension for WindowsStandalone target not found
Mono: successfully reloaded assembly
- Finished resetting the current domain, in  0.187 seconds
Domain Reload Profiling: 447ms
	BeginReloadAssembly (84ms)
		ExecutionOrderSort (0ms)
		DisableScriptedObjects (0ms)
		BackupInstance (0ms)
		ReleaseScriptingObjects (0ms)
		CreateAndSetChildDomain (1ms)
	RebuildCommonClasses (24ms)
	RebuildNativeTypeToScriptingClass (8ms)
	initialDomainReloadingComplete (48ms)
	LoadAllAssembliesAndSetupDomain (96ms)
		LoadAssemblies (81ms)
		RebuildTransferFunctionScriptingTraits (0ms)
		AnalyzeDomain (95ms)
			TypeCache.Refresh (94ms)
				TypeCache.ScanAssembly (84ms)
			ScanForSourceGeneratedMonoScriptInfo (0ms)
			ResolveRequiredComponents (0ms)
	FinalizeReload (187ms)
		ReleaseScriptCaches (0ms)
		RebuildScriptCaches (0ms)
		SetupLoadedEditorAssemblies (144ms)
			LogAssemblyErrors (0ms)
			InitializePlatformSupportModulesInManaged (8ms)
			SetLoadedEditorAssemblies (5ms)
			RefreshPlugins (0ms)
			BeforeProcessingInitializeOnLoad (2ms)
			ProcessInitializeOnLoadAttributes (96ms)
			ProcessInitializeOnLoadMethodAttributes (34ms)
			AfterProcessingInitializeOnLoad (0ms)
			EditorAssembliesLoaded (0ms)
		ExecutionOrderSort2 (0ms)
		AwakeInstancesAfterBackupRestoration (0ms)
========================================================================
Worker process is ready to serve import requests
Begin MonoManager ReloadAssembly
- Loaded All Assemblies, in  0.481 seconds
Refreshing native plugins compatible for Editor in 5.92 ms, found 4 plugins.
Native extension for WindowsStandalone target not found
Package Manager log level set to [2]
[Package Manager] Server::EnsureServerProcessIsRunning -- launch failed, reason: Unity was launched with the -noUpm command-line argument
[Package Manager] UpmClient::Send -- Unable to send message (not connected to UPM process).
[Package Manager] Cannot connect to Unity Package Manager local server
Mono: successfully reloaded assembly
- Finished resetting the current domain, in  0.450 seconds
Domain Reload Profiling: 926ms
	BeginReloadAssembly (111ms)
		ExecutionOrderSort (0ms)
		DisableScriptedObjects (4ms)
		BackupInstance (0ms)
		ReleaseScriptingObjects (0ms)
		CreateAndSetChildDomain (17ms)
	RebuildCommonClasses (23ms)
	RebuildNativeTypeToScriptingClass (7ms)
	initialDomainReloadingComplete (37ms)
	LoadAllAssembliesAndSetupDomain (298ms)
		LoadAssemblies (246ms)
		RebuildTransferFunctionScriptingTraits (0ms)
		AnalyzeDomain (115ms)
			TypeCache.Refresh (96ms)
				TypeCache.ScanAssembly (85ms)
			ScanForSourceGeneratedMonoScriptInfo (14ms)
			ResolveRequiredComponents (3ms)
	FinalizeReload (450ms)
		ReleaseScriptCaches (0ms)
		RebuildScriptCaches (0ms)
		SetupLoadedEditorAssemblies (338ms)
			LogAssemblyErrors (0ms)
			InitializePlatformSupportModulesInManaged (5ms)
			SetLoadedEditorAssemblies (3ms)
			RefreshPlugins (0ms)
			BeforeProcessingInitializeOnLoad (61ms)
			ProcessInitializeOnLoadAttributes (234ms)
			ProcessInitializeOnLoadMethodAttributes (26ms)
			AfterProcessingInitializeOnLoad (9ms)
			EditorAssembliesLoaded (0ms)
		ExecutionOrderSort2 (0ms)
		AwakeInstancesAfterBackupRestoration (5ms)
Launched and connected shader compiler UnityShaderCompiler.exe after 0.03 seconds
Refreshing native plugins compatible for Editor in 5.32 ms, found 4 plugins.
Preloading 0 native plugins for Editor in 0.00 ms.
Unloading 4053 Unused Serialized files (Serialized files now loaded: 0)
Unloading 64 unused Assets / (61.5 KB). Loaded Objects now: 4516.
Memory consumption went from 147.6 MB to 147.5 MB.
Total: 3.338500 ms (FindLiveObjects: 0.314100 ms CreateObjectMapping: 0.213800 ms MarkObjects: 2.664600 ms  DeleteObjects: 0.144800 ms)

AssetImportParameters requested are different than current active one (requested -> active):
  custom:container-demuxer-ogg: 62fdf1f143b41e24485cea50d1cbac27 -> 
  custom:video-decoder-ogg-theora: a1e56fd34408186e4bbccfd4996cb3dc -> 
  custom:framework-win-MediaFoundation: 216162199b28c13a410421893ffa2e32 -> 
  custom:CustomObjectIndexerAttribute: 756ad292c208cfabdd7b50bc23989ffe -> 
  custom:container-demuxer-webm: 4f35f7cbe854078d1ac9338744f61a02 -> 
  custom:container-muxer-webm: aa71ff27fc2769a1b78a27578f13a17b -> 
  custom:video-decoder-webm-vp8: 9c59270c3fd7afecdb556c50c9e8de78 -> 
  custom:SearchIndexIgnoredProperties: e643bd26f0fe6173181afceb89e7c659 -> 
  custom:AudioImporter_EditorPlatform: d09bf68614088b80899f8185d706f6e7 -> 
  custom:video-encoder-webm-vp8: eb34c28f22e8b96e1ab97ce403110664 -> 
  custom:audio-decoder-ogg-vorbis: bf7c407c2cedff20999df2af8eb42d56 -> 
  custom:audio-encoder-webm-vorbis: bf7c407c2cedff20999df2af8eb42d56 -> 
========================================================================
Received Import Request.
  Time since last request: 4754.955799 seconds.
  path: Assets/Prefabs/AOE.prefab
  artifactKey: Guid(7f6d7690f38b11f4fb610a0f23edda0f) Importer(815301076,1909f56bfc062723c751e8b465ee728b)
Start importing Assets/Prefabs/AOE.prefab using Guid(7f6d7690f38b11f4fb610a0f23edda0f) Importer(815301076,1909f56bfc062723c751e8b465ee728b)  -> (artifact id: '35fc563e8e3d72bb83570925f630d273') in 0.115323 seconds
Number of updated asset objects reloaded before import = 0
Number of asset objects unloaded after import = 317
========================================================================
Received Import Request.
  Time since last request: 0.074516 seconds.
  path: Assets/Prefabs/AOE.prefab
  artifactKey: Guid(7f6d7690f38b11f4fb610a0f23edda0f) Importer(815301076,1909f56bfc062723c751e8b465ee728b)
Start importing Assets/Prefabs/AOE.prefab using Guid(7f6d7690f38b11f4fb610a0f23edda0f) Importer(815301076,1909f56bfc062723c751e8b465ee728b)  -> (artifact id: '2dc63d5ef879e62802f811670bc2f2d6') in 0.034622 seconds
Number of updated asset objects reloaded before import = 0
Number of asset objects unloaded after import = 317
========================================================================
Received Import Request.
  Time since last request: 0.273196 seconds.
  path: Assets/Prefabs/AOE.prefab
  artifactKey: Guid(7f6d7690f38b11f4fb610a0f23edda0f) Importer(815301076,1909f56bfc062723c751e8b465ee728b)
Start importing Assets/Prefabs/AOE.prefab using Guid(7f6d7690f38b11f4fb610a0f23edda0f) Importer(815301076,1909f56bfc062723c751e8b465ee728b)  -> (artifact id: '0d6421549c8916b53a67045eb5bc3947') in 0.034098 seconds
Number of updated asset objects reloaded before import = 0
Number of asset objects unloaded after import = 317
========================================================================
Received Import Request.
  Time since last request: 0.279291 seconds.
  path: Assets/Prefabs/AOE.prefab
  artifactKey: Guid(7f6d7690f38b11f4fb610a0f23edda0f) Importer(815301076,1909f56bfc062723c751e8b465ee728b)
Start importing Assets/Prefabs/AOE.prefab using Guid(7f6d7690f38b11f4fb610a0f23edda0f) Importer(815301076,1909f56bfc062723c751e8b465ee728b)  -> (artifact id: 'e0707a9214d9edc16255724df599ee75') in 0.046665 seconds
Number of updated asset objects reloaded before import = 0
Number of asset objects unloaded after import = 317
========================================================================
Received Import Request.
  Time since last request: 0.000012 seconds.
  path: Assets/Prefabs/LongRange.prefab
  artifactKey: Guid(5c4aa7d88384cca4a88afbc860633348) Importer(815301076,1909f56bfc062723c751e8b465ee728b)
Start importing Assets/Prefabs/LongRange.prefab using Guid(5c4aa7d88384cca4a88afbc860633348) Importer(815301076,1909f56bfc062723c751e8b465ee728b)  -> (artifact id: '809cfb6ec93ec869df5762e42960b6d1') in 0.028334 seconds
Number of updated asset objects reloaded before import = 0
Number of asset objects unloaded after import = 317
========================================================================
Received Import Request.
  Time since last request: 0.342072 seconds.
  path: Assets/Prefabs/AOEUp.prefab
  artifactKey: Guid(ffb117ebb0aa92a459adbd67fbeb7283) Importer(815301076,1909f56bfc062723c751e8b465ee728b)
Start importing Assets/Prefabs/AOEUp.prefab using Guid(ffb117ebb0aa92a459adbd67fbeb7283) Importer(815301076,1909f56bfc062723c751e8b465ee728b)  -> (artifact id: '2583936f503ff9d5ac83e5e252888174') in 0.032006 seconds
Number of updated asset objects reloaded before import = 0
Number of asset objects unloaded after import = 317
========================================================================
Received Import Request.
  Time since last request: 0.000013 seconds.
  path: Assets/Prefabs/LongRangeUp.prefab
  artifactKey: Guid(aefe176e0b29424488bc4239a0015270) Importer(815301076,1909f56bfc062723c751e8b465ee728b)
Start importing Assets/Prefabs/LongRangeUp.prefab using Guid(aefe176e0b29424488bc4239a0015270) Importer(815301076,1909f56bfc062723c751e8b465ee728b)  -> (artifact id: '5d2d2118bc3f4a5abf5c8db2e6633f94') in 0.028162 seconds
Number of updated asset objects reloaded before import = 0
Number of asset objects unloaded after import = 317
========================================================================
Received Import Request.
  Time since last request: 0.292078 seconds.
  path: Assets/Prefabs/AOE.prefab
  artifactKey: Guid(7f6d7690f38b11f4fb610a0f23edda0f) Importer(815301076,1909f56bfc062723c751e8b465ee728b)
Start importing Assets/Prefabs/AOE.prefab using Guid(7f6d7690f38b11f4fb610a0f23edda0f) Importer(815301076,1909f56bfc062723c751e8b465ee728b)  -> (artifact id: '9feee04c2400125b528fc14c0e28256a') in 0.031114 seconds
Number of updated asset objects reloaded before import = 0
Number of asset objects unloaded after import = 317
========================================================================
Received Import Request.
  Time since last request: 0.000015 seconds.
  path: Assets/Prefabs/Buildable.prefab
  artifactKey: Guid(a4b8bb2b2a053ca459a792f1486fa2ce) Importer(815301076,1909f56bfc062723c751e8b465ee728b)
Start importing Assets/Prefabs/Buildable.prefab using Guid(a4b8bb2b2a053ca459a792f1486fa2ce) Importer(815301076,1909f56bfc062723c751e8b465ee728b)  -> (artifact id: '6177a56bbc9a173ca76aa83521ef3c7c') in 0.030523 seconds
Number of updated asset objects reloaded before import = 0
Number of asset objects unloaded after import = 317
========================================================================
Received Import Request.
  Time since last request: 1.662441 seconds.
  path: Assets/Prefabs/AOEUp.prefab
  artifactKey: Guid(ffb117ebb0aa92a459adbd67fbeb7283) Importer(815301076,1909f56bfc062723c751e8b465ee728b)
Start importing Assets/Prefabs/AOEUp.prefab using Guid(ffb117ebb0aa92a459adbd67fbeb7283) Importer(815301076,1909f56bfc062723c751e8b465ee728b)  -> (artifact id: '4a267e85c12a2c800cf6a5ec6b802eef') in 0.030979 seconds
Number of updated asset objects reloaded before import = 0
Number of asset objects unloaded after import = 317
========================================================================
Received Import Request.
  Time since last request: 0.000012 seconds.
  path: Assets/Prefabs/LongRangeUp.prefab
  artifactKey: Guid(aefe176e0b29424488bc4239a0015270) Importer(815301076,1909f56bfc062723c751e8b465ee728b)
Start importing Assets/Prefabs/LongRangeUp.prefab using Guid(aefe176e0b29424488bc4239a0015270) Importer(815301076,1909f56bfc062723c751e8b465ee728b)  -> (artifact id: '5cc8b8337582d84e1781806dc6378d36') in 0.028419 seconds
Number of updated asset objects reloaded before import = 0
Number of asset objects unloaded after import = 317
========================================================================
Received Import Request.
  Time since last request: 0.184546 seconds.
  path: Assets/Prefabs/AOE.prefab
  artifactKey: Guid(7f6d7690f38b11f4fb610a0f23edda0f) Importer(815301076,1909f56bfc062723c751e8b465ee728b)
Start importing Assets/Prefabs/AOE.prefab using Guid(7f6d7690f38b11f4fb610a0f23edda0f) Importer(815301076,1909f56bfc062723c751e8b465ee728b)  -> (artifact id: 'cc7156cb3f4ab827b3176536f4b3f37d') in 0.030138 seconds
Number of updated asset objects reloaded before import = 0
Number of asset objects unloaded after import = 317
========================================================================
Received Import Request.
  Time since last request: 0.000013 seconds.
  path: Assets/Prefabs/LongRangeUp.prefab
  artifactKey: Guid(aefe176e0b29424488bc4239a0015270) Importer(815301076,1909f56bfc062723c751e8b465ee728b)
Start importing Assets/Prefabs/LongRangeUp.prefab using Guid(aefe176e0b29424488bc4239a0015270) Importer(815301076,1909f56bfc062723c751e8b465ee728b)  -> (artifact id: 'c23e856af73b01e3535ab966497d6cac') in 0.027764 seconds
Number of updated asset objects reloaded before import = 0
Number of asset objects unloaded after import = 317
========================================================================
Received Import Request.
  Time since last request: 0.092796 seconds.
  path: Assets/Prefabs/AOE.prefab
  artifactKey: Guid(7f6d7690f38b11f4fb610a0f23edda0f) Importer(815301076,1909f56bfc062723c751e8b465ee728b)
Start importing Assets/Prefabs/AOE.prefab using Guid(7f6d7690f38b11f4fb610a0f23edda0f) Importer(815301076,1909f56bfc062723c751e8b465ee728b)  -> (artifact id: '386de6c624c9196f2215156e01072c80') in 0.032242 seconds
Number of updated asset objects reloaded before import = 0
Number of asset objects unloaded after import = 317
========================================================================
Received Import Request.
  Time since last request: 0.091009 seconds.
  path: Assets/Prefabs/AOEUp.prefab
  artifactKey: Guid(ffb117ebb0aa92a459adbd67fbeb7283) Importer(815301076,1909f56bfc062723c751e8b465ee728b)
Start importing Assets/Prefabs/AOEUp.prefab using Guid(ffb117ebb0aa92a459adbd67fbeb7283) Importer(815301076,1909f56bfc062723c751e8b465ee728b)  -> (artifact id: 'af247b9463b7468a1419e4528ba37037') in 0.028477 seconds
Number of updated asset objects reloaded before import = 0
Number of asset objects unloaded after import = 317
========================================================================
Received Import Request.
  Time since last request: 0.018230 seconds.
  path: Assets/Prefabs/BasicTower.prefab
  artifactKey: Guid(c079fa8f7c1cb874ba0c96f566d84584) Importer(815301076,1909f56bfc062723c751e8b465ee728b)
Start importing Assets/Prefabs/BasicTower.prefab using Guid(c079fa8f7c1cb874ba0c96f566d84584) Importer(815301076,1909f56bfc062723c751e8b465ee728b)  -> (artifact id: '022bff70723f9a71105cd0be7df68d61') in 0.031925 seconds
Number of updated asset objects reloaded before import = 0
Number of asset objects unloaded after import = 317
========================================================================
Received Import Request.
  Time since last request: 0.000012 seconds.
  path: Assets/Prefabs/LongRangeUp.prefab
  artifactKey: Guid(aefe176e0b29424488bc4239a0015270) Importer(815301076,1909f56bfc062723c751e8b465ee728b)
Start importing Assets/Prefabs/LongRangeUp.prefab using Guid(aefe176e0b29424488bc4239a0015270) Importer(815301076,1909f56bfc062723c751e8b465ee728b)  -> (artifact id: '109382d38e3028ea1aa1f71240560ca2') in 0.028195 seconds
Number of updated asset objects reloaded before import = 0
Number of asset objects unloaded after import = 317
========================================================================
Received Import Request.
  Time since last request: 0.316890 seconds.
  path: Assets/Prefabs/AOEUp.prefab
  artifactKey: Guid(ffb117ebb0aa92a459adbd67fbeb7283) Importer(815301076,1909f56bfc062723c751e8b465ee728b)
Start importing Assets/Prefabs/AOEUp.prefab using Guid(ffb117ebb0aa92a459adbd67fbeb7283) Importer(815301076,1909f56bfc062723c751e8b465ee728b)  -> (artifact id: 'e3a14b703b4a3a6f777356cec772ae04') in 0.049317 seconds
Number of updated asset objects reloaded before import = 0
Number of asset objects unloaded after import = 319
========================================================================
Received Import Request.
  Time since last request: 0.000010 seconds.
  path: Assets/Prefabs/LongRange.prefab
  artifactKey: Guid(5c4aa7d88384cca4a88afbc860633348) Importer(815301076,1909f56bfc062723c751e8b465ee728b)
Start importing Assets/Prefabs/LongRange.prefab using Guid(5c4aa7d88384cca4a88afbc860633348) Importer(815301076,1909f56bfc062723c751e8b465ee728b)  -> (artifact id: '1bf828e041e078bb47c59193b0790004') in 0.029073 seconds
Number of updated asset objects reloaded before import = 0
Number of asset objects unloaded after import = 319
========================================================================
Received Import Request.
  Time since last request: 12.193382 seconds.
  path: Assets/Prefabs/AOEUp.prefab
  artifactKey: Guid(ffb117ebb0aa92a459adbd67fbeb7283) Importer(815301076,1909f56bfc062723c751e8b465ee728b)
Start importing Assets/Prefabs/AOEUp.prefab using Guid(ffb117ebb0aa92a459adbd67fbeb7283) Importer(815301076,1909f56bfc062723c751e8b465ee728b)  -> (artifact id: 'c24c3831292abcf89be562e76fb4c98a') in 0.033178 seconds
Number of updated asset objects reloaded before import = 0
Number of asset objects unloaded after import = 319
========================================================================
Received Import Request.
  Time since last request: 0.000011 seconds.
  path: Assets/Prefabs/LongRange.prefab
  artifactKey: Guid(5c4aa7d88384cca4a88afbc860633348) Importer(815301076,1909f56bfc062723c751e8b465ee728b)
Start importing Assets/Prefabs/LongRange.prefab using Guid(5c4aa7d88384cca4a88afbc860633348) Importer(815301076,1909f56bfc062723c751e8b465ee728b)  -> (artifact id: '5c6bcd8a3bfabb64cc9c982d68a0dfc8') in 0.030204 seconds
Number of updated asset objects reloaded before import = 0
Number of asset objects unloaded after import = 319
========================================================================
Received Import Request.
  Time since last request: 79.834065 seconds.
  path: Assets/Prefabs/AOE.prefab
  artifactKey: Guid(7f6d7690f38b11f4fb610a0f23edda0f) Importer(815301076,1909f56bfc062723c751e8b465ee728b)
Start importing Assets/Prefabs/AOE.prefab using Guid(7f6d7690f38b11f4fb610a0f23edda0f) Importer(815301076,1909f56bfc062723c751e8b465ee728b)  -> (artifact id: 'f7747299af7113de9d1b4e74f0cce837') in 0.032321 seconds
Number of updated asset objects reloaded before import = 0
Number of asset objects unloaded after import = 319
========================================================================
Received Import Request.
  Time since last request: 0.000012 seconds.
  path: Assets/Prefabs/BasicTowerUp.prefab
  artifactKey: Guid(168b02bbc72e9e444ba2bc6ef73d67d1) Importer(815301076,1909f56bfc062723c751e8b465ee728b)
Start importing Assets/Prefabs/BasicTowerUp.prefab using Guid(168b02bbc72e9e444ba2bc6ef73d67d1) Importer(815301076,1909f56bfc062723c751e8b465ee728b)  -> (artifact id: '2202cbeed9a685573cac93c54c655beb') in 0.030863 seconds
Number of updated asset objects reloaded before import = 0
Number of asset objects unloaded after import = 319
========================================================================
Received Import Request.
  Time since last request: 0.000011 seconds.
  path: Assets/Prefabs/Buildable.prefab
  artifactKey: Guid(a4b8bb2b2a053ca459a792f1486fa2ce) Importer(815301076,1909f56bfc062723c751e8b465ee728b)
Start importing Assets/Prefabs/Buildable.prefab using Guid(a4b8bb2b2a053ca459a792f1486fa2ce) Importer(815301076,1909f56bfc062723c751e8b465ee728b)  -> (artifact id: 'af1da5df3eb7483525384664ac952321') in 0.030889 seconds
Number of updated asset objects reloaded before import = 0
Number of asset objects unloaded after import = 319
========================================================================
Received Import Request.
  Time since last request: 0.000011 seconds.
  path: Assets/Prefabs/LongRange.prefab
  artifactKey: Guid(5c4aa7d88384cca4a88afbc860633348) Importer(815301076,1909f56bfc062723c751e8b465ee728b)
Start importing Assets/Prefabs/LongRange.prefab using Guid(5c4aa7d88384cca4a88afbc860633348) Importer(815301076,1909f56bfc062723c751e8b465ee728b)  -> (artifact id: '653d2360e87d40d9e0caa715c21a1f89') in 0.033764 seconds
Number of updated asset objects reloaded before import = 0
Number of asset objects unloaded after import = 319
========================================================================
Received Import Request.
  Time since last request: 0.470685 seconds.
  path: Assets/Prefabs/AOE.prefab
  artifactKey: Guid(7f6d7690f38b11f4fb610a0f23edda0f) Importer(815301076,1909f56bfc062723c751e8b465ee728b)
Start importing Assets/Prefabs/AOE.prefab using Guid(7f6d7690f38b11f4fb610a0f23edda0f) Importer(815301076,1909f56bfc062723c751e8b465ee728b)  -> (artifact id: '1ce5cf607f55e3a2c06e675539a3a6f9') in 0.029966 seconds
Number of updated asset objects reloaded before import = 0
Number of asset objects unloaded after import = 319
========================================================================
Received Import Request.
  Time since last request: 0.000010 seconds.
  path: Assets/Prefabs/BasicTowerUp.prefab
  artifactKey: Guid(168b02bbc72e9e444ba2bc6ef73d67d1) Importer(815301076,1909f56bfc062723c751e8b465ee728b)
Start importing Assets/Prefabs/BasicTowerUp.prefab using Guid(168b02bbc72e9e444ba2bc6ef73d67d1) Importer(815301076,1909f56bfc062723c751e8b465ee728b)  -> (artifact id: '05a76bda151a73a3b500239057aaf634') in 0.033779 seconds
Number of updated asset objects reloaded before import = 0
Number of asset objects unloaded after import = 319
========================================================================
Received Import Request.
  Time since last request: 0.000011 seconds.
  path: Assets/Prefabs/Buildable.prefab
  artifactKey: Guid(a4b8bb2b2a053ca459a792f1486fa2ce) Importer(815301076,1909f56bfc062723c751e8b465ee728b)
Start importing Assets/Prefabs/Buildable.prefab using Guid(a4b8bb2b2a053ca459a792f1486fa2ce) Importer(815301076,1909f56bfc062723c751e8b465ee728b)  -> (artifact id: 'c68799a468d199bcd19410a2778de83e') in 0.037706 seconds
Number of updated asset objects reloaded before import = 0
Number of asset objects unloaded after import = 319
========================================================================
Received Import Request.
  Time since last request: 15.301748 seconds.
  path: Assets/Prefabs/AOEUp.prefab
  artifactKey: Guid(ffb117ebb0aa92a459adbd67fbeb7283) Importer(815301076,1909f56bfc062723c751e8b465ee728b)
Start importing Assets/Prefabs/AOEUp.prefab using Guid(ffb117ebb0aa92a459adbd67fbeb7283) Importer(815301076,1909f56bfc062723c751e8b465ee728b)  -> (artifact id: '6fcddbf71345baa9e5b02e56f31840ca') in 0.033440 seconds
Number of updated asset objects reloaded before import = 0
Number of asset objects unloaded after import = 319
========================================================================
Received Import Request.
  Time since last request: 0.000011 seconds.
  path: Assets/Prefabs/Buildable.prefab
  artifactKey: Guid(a4b8bb2b2a053ca459a792f1486fa2ce) Importer(815301076,1909f56bfc062723c751e8b465ee728b)
Start importing Assets/Prefabs/Buildable.prefab using Guid(a4b8bb2b2a053ca459a792f1486fa2ce) Importer(815301076,1909f56bfc062723c751e8b465ee728b)  -> (artifact id: 'b3fe34ef8b42d44f068d0a0f84d52bd4') in 0.032315 seconds
Number of updated asset objects reloaded before import = 0
Number of asset objects unloaded after import = 319
Editor requested this worker to shutdown with reason: Scaling down because of idle timeout
TcpMessagingSession - receive error: operation aborted. errorcode: 995, details: The I/O operation has been aborted because of either a thread exit or an application request.
AssetImportWorker is now disconnected from the server
Process exiting
Exiting without the bug reporter. Application will terminate with return code 0