Using pre-set license
Built from '2022.3/staging' branch; Version is '2022.3.11f1 (d00248457e15) revision 13632072'; Using compiler version '192829333'; Build Type 'Release'
OS: 'Windows 11  (10.0.22621) 64bit Core' Language: 'en' Physical Memory: 32689 MB
BatchMode: 1, IsHumanControllingUs: 0, StartBugReporterOnCrash: 0, Is64bit: 1, IsPro: 1

COMMAND LINE ARGUMENTS:
C:\Program Files\Unity\Hub\Editor\2022.3.11f1\Editor\Unity.exe
-adb2
-batchMode
-noUpm
-name
AssetImportWorker58
-projectPath
C:/Users/Danie/OneDrive - UW-Madison/Game design/RSPN-GameJam-2023/Game Jam
-logFile
Logs/AssetImportWorker58.log
-srvPort
52693
Successfully changed project path to: C:/Users/Danie/OneDrive - UW-Madison/Game design/RSPN-GameJam-2023/Game Jam
C:/Users/Danie/OneDrive - UW-Madison/Game design/RSPN-GameJam-2023/Game Jam
[UnityMemory] Configuration Parameters - Can be set up in boot.config
    "memorysetup-bucket-allocator-granularity=16"
    "memorysetup-bucket-allocator-bucket-count=8"
    "memorysetup-bucket-allocator-block-size=33554432"
    "memorysetup-bucket-allocator-block-count=8"
    "memorysetup-main-allocator-block-size=16777216"
    "memorysetup-thread-allocator-block-size=16777216"
    "memorysetup-gfx-main-allocator-block-size=16777216"
    "memorysetup-gfx-thread-allocator-block-size=16777216"
    "memorysetup-cache-allocator-block-size=4194304"
    "memorysetup-typetree-allocator-block-size=2097152"
    "memorysetup-profiler-bucket-allocator-granularity=16"
    "memorysetup-profiler-bucket-allocator-bucket-count=8"
    "memorysetup-profiler-bucket-allocator-block-size=33554432"
    "memorysetup-profiler-bucket-allocator-block-count=8"
    "memorysetup-profiler-allocator-block-size=16777216"
    "memorysetup-profiler-editor-allocator-block-size=1048576"
    "memorysetup-temp-allocator-size-main=16777216"
    "memorysetup-job-temp-allocator-block-size=2097152"
    "memorysetup-job-temp-allocator-block-size-background=1048576"
    "memorysetup-job-temp-allocator-reduction-small-platforms=262144"
    "memorysetup-allocator-temp-initial-block-size-main=262144"
    "memorysetup-allocator-temp-initial-block-size-worker=262144"
    "memorysetup-temp-allocator-size-background-worker=32768"
    "memorysetup-temp-allocator-size-job-worker=262144"
    "memorysetup-temp-allocator-size-preload-manager=33554432"
    "memorysetup-temp-allocator-size-nav-mesh-worker=65536"
    "memorysetup-temp-allocator-size-audio-worker=65536"
    "memorysetup-temp-allocator-size-cloud-worker=32768"
    "memorysetup-temp-allocator-size-gi-baking-worker=262144"
    "memorysetup-temp-allocator-size-gfx=262144"
Player connection [24352] Host "[IP] 10.143.132.226 [Port] 0 [Flags] 2 [Guid] 127263689 [EditorId] 127263689 [Version] 1048832 [Id] WindowsEditor(7,D-MaxPower) [Debug] 1 [PackageName] WindowsEditor [ProjectName] Editor" joined multi-casting on [225.0.0.222:54997]...

Player connection [24352] Host "[IP] 10.143.132.226 [Port] 0 [Flags] 2 [Guid] 127263689 [EditorId] 127263689 [Version] 1048832 [Id] WindowsEditor(7,D-MaxPower) [Debug] 1 [PackageName] WindowsEditor [ProjectName] Editor" joined alternative multi-casting on [225.0.0.222:34997]...

[Physics::Module] Initialized MultithreadedJobDispatcher with 15 workers.
Refreshing native plugins compatible for Editor in 13.53 ms, found 4 plugins.
Preloading 0 native plugins for Editor in 0.00 ms.
Initialize engine version: 2022.3.11f1 (d00248457e15)
[Subsystems] Discovering subsystems at path C:/Program Files/Unity/Hub/Editor/2022.3.11f1/Editor/Data/Resources/UnitySubsystems
[Subsystems] Discovering subsystems at path C:/Users/Danie/OneDrive - UW-Madison/Game design/RSPN-GameJam-2023/Game Jam/Assets
GfxDevice: creating device client; threaded=0; jobified=0
Direct3D:
    Version:  Direct3D 11.0 [level 11.1]
    Renderer: AMD Radeon RX 7900 XTX (ID=0x744c)
    Vendor:   ATI
    VRAM:     24516 MB
    Driver:   31.0.21023.2010
Initialize mono
Mono path[0] = 'C:/Program Files/Unity/Hub/Editor/2022.3.11f1/Editor/Data/Managed'
Mono path[1] = 'C:/Program Files/Unity/Hub/Editor/2022.3.11f1/Editor/Data/MonoBleedingEdge/lib/mono/unityjit-win32'
Mono config path = 'C:/Program Files/Unity/Hub/Editor/2022.3.11f1/Editor/Data/MonoBleedingEdge/etc'
Using monoOptions --debugger-agent=transport=dt_socket,embedding=1,server=y,suspend=n,address=127.0.0.1:56760
Begin MonoManager ReloadAssembly
Registering precompiled unity dll's ...
Register platform support module: C:/Program Files/Unity/Hub/Editor/2022.3.11f1/Editor/Data/PlaybackEngines/WindowsStandaloneSupport/UnityEditor.WindowsStandalone.Extensions.dll
Registered in 0.008489 seconds.
- Loaded All Assemblies, in  0.264 seconds
Native extension for WindowsStandalone target not found
Mono: successfully reloaded assembly
- Finished resetting the current domain, in  0.185 seconds
Domain Reload Profiling: 447ms
	BeginReloadAssembly (85ms)
		ExecutionOrderSort (0ms)
		DisableScriptedObjects (0ms)
		BackupInstance (0ms)
		ReleaseScriptingObjects (0ms)
		CreateAndSetChildDomain (1ms)
	RebuildCommonClasses (24ms)
	RebuildNativeTypeToScriptingClass (7ms)
	initialDomainReloadingComplete (50ms)
	LoadAllAssembliesAndSetupDomain (95ms)
		LoadAssemblies (82ms)
		RebuildTransferFunctionScriptingTraits (0ms)
		AnalyzeDomain (94ms)
			TypeCache.Refresh (93ms)
				TypeCache.ScanAssembly (83ms)
			ScanForSourceGeneratedMonoScriptInfo (0ms)
			ResolveRequiredComponents (0ms)
	FinalizeReload (186ms)
		ReleaseScriptCaches (0ms)
		RebuildScriptCaches (0ms)
		SetupLoadedEditorAssemblies (143ms)
			LogAssemblyErrors (0ms)
			InitializePlatformSupportModulesInManaged (8ms)
			SetLoadedEditorAssemblies (5ms)
			RefreshPlugins (0ms)
			BeforeProcessingInitializeOnLoad (2ms)
			ProcessInitializeOnLoadAttributes (94ms)
			ProcessInitializeOnLoadMethodAttributes (34ms)
			AfterProcessingInitializeOnLoad (0ms)
			EditorAssembliesLoaded (0ms)
		ExecutionOrderSort2 (0ms)
		AwakeInstancesAfterBackupRestoration (0ms)
========================================================================
Worker process is ready to serve import requests
Begin MonoManager ReloadAssembly
- Loaded All Assemblies, in  0.522 seconds
Refreshing native plugins compatible for Editor in 5.66 ms, found 4 plugins.
Native extension for WindowsStandalone target not found
Package Manager log level set to [2]
[Package Manager] Server::EnsureServerProcessIsRunning -- launch failed, reason: Unity was launched with the -noUpm command-line argument
[Package Manager] UpmClient::Send -- Unable to send message (not connected to UPM process).
[Package Manager] Cannot connect to Unity Package Manager local server
Mono: successfully reloaded assembly
- Finished resetting the current domain, in  0.450 seconds
Domain Reload Profiling: 968ms
	BeginReloadAssembly (121ms)
		ExecutionOrderSort (0ms)
		DisableScriptedObjects (6ms)
		BackupInstance (0ms)
		ReleaseScriptingObjects (0ms)
		CreateAndSetChildDomain (18ms)
	RebuildCommonClasses (24ms)
	RebuildNativeTypeToScriptingClass (7ms)
	initialDomainReloadingComplete (36ms)
	LoadAllAssembliesAndSetupDomain (329ms)
		LoadAssemblies (279ms)
		RebuildTransferFunctionScriptingTraits (0ms)
		AnalyzeDomain (120ms)
			TypeCache.Refresh (101ms)
				TypeCache.ScanAssembly (89ms)
			ScanForSourceGeneratedMonoScriptInfo (15ms)
			ResolveRequiredComponents (4ms)
	FinalizeReload (451ms)
		ReleaseScriptCaches (0ms)
		RebuildScriptCaches (0ms)
		SetupLoadedEditorAssemblies (337ms)
			LogAssemblyErrors (0ms)
			InitializePlatformSupportModulesInManaged (6ms)
			SetLoadedEditorAssemblies (3ms)
			RefreshPlugins (0ms)
			BeforeProcessingInitializeOnLoad (62ms)
			ProcessInitializeOnLoadAttributes (231ms)
			ProcessInitializeOnLoadMethodAttributes (26ms)
			AfterProcessingInitializeOnLoad (9ms)
			EditorAssembliesLoaded (0ms)
		ExecutionOrderSort2 (0ms)
		AwakeInstancesAfterBackupRestoration (6ms)
Launched and connected shader compiler UnityShaderCompiler.exe after 0.04 seconds
Refreshing native plugins compatible for Editor in 5.29 ms, found 4 plugins.
Preloading 0 native plugins for Editor in 0.00 ms.
Unloading 4053 Unused Serialized files (Serialized files now loaded: 0)
Unloading 64 unused Assets / (61.4 KB). Loaded Objects now: 4516.
Memory consumption went from 147.6 MB to 147.5 MB.
Total: 3.145100 ms (FindLiveObjects: 0.290400 ms CreateObjectMapping: 0.193900 ms MarkObjects: 2.556700 ms  DeleteObjects: 0.103500 ms)

AssetImportParameters requested are different than current active one (requested -> active):
  custom:container-demuxer-ogg: 62fdf1f143b41e24485cea50d1cbac27 -> 
  custom:video-decoder-ogg-theora: a1e56fd34408186e4bbccfd4996cb3dc -> 
  custom:framework-win-MediaFoundation: 216162199b28c13a410421893ffa2e32 -> 
  custom:CustomObjectIndexerAttribute: 756ad292c208cfabdd7b50bc23989ffe -> 
  custom:container-demuxer-webm: 4f35f7cbe854078d1ac9338744f61a02 -> 
  custom:container-muxer-webm: aa71ff27fc2769a1b78a27578f13a17b -> 
  custom:video-decoder-webm-vp8: 9c59270c3fd7afecdb556c50c9e8de78 -> 
  custom:SearchIndexIgnoredProperties: e643bd26f0fe6173181afceb89e7c659 -> 
  custom:AudioImporter_EditorPlatform: d09bf68614088b80899f8185d706f6e7 -> 
  custom:video-encoder-webm-vp8: eb34c28f22e8b96e1ab97ce403110664 -> 
  custom:audio-decoder-ogg-vorbis: bf7c407c2cedff20999df2af8eb42d56 -> 
  custom:audio-encoder-webm-vorbis: bf7c407c2cedff20999df2af8eb42d56 -> 
========================================================================
Received Import Request.
  Time since last request: 48793.047419 seconds.
  path: Assets/Prefabs/BasicTower.prefab
  artifactKey: Guid(c079fa8f7c1cb874ba0c96f566d84584) Importer(815301076,1909f56bfc062723c751e8b465ee728b)
Start importing Assets/Prefabs/BasicTower.prefab using Guid(c079fa8f7c1cb874ba0c96f566d84584) Importer(815301076,1909f56bfc062723c751e8b465ee728b)  -> (artifact id: 'abbcf21d71209535cffb41f4b26874e0') in 0.116999 seconds
Number of updated asset objects reloaded before import = 0
Number of asset objects unloaded after import = 329
========================================================================
Received Import Request.
  Time since last request: 4.515368 seconds.
  path: Assets/Prefabs/BasicTower.prefab
  artifactKey: Guid(c079fa8f7c1cb874ba0c96f566d84584) Importer(815301076,1909f56bfc062723c751e8b465ee728b)
Start importing Assets/Prefabs/BasicTower.prefab using Guid(c079fa8f7c1cb874ba0c96f566d84584) Importer(815301076,1909f56bfc062723c751e8b465ee728b)  -> (artifact id: '69921b21ca7cdd6b8b192e7ac2c8c59f') in 0.047858 seconds
Number of updated asset objects reloaded before import = 0
Number of asset objects unloaded after import = 329
========================================================================
Received Import Request.
  Time since last request: 0.000013 seconds.
  path: Assets/Prefabs/Buildable.prefab
  artifactKey: Guid(a4b8bb2b2a053ca459a792f1486fa2ce) Importer(815301076,1909f56bfc062723c751e8b465ee728b)
Start importing Assets/Prefabs/Buildable.prefab using Guid(a4b8bb2b2a053ca459a792f1486fa2ce) Importer(815301076,1909f56bfc062723c751e8b465ee728b)  -> (artifact id: 'd702d0fb1e4dc95198b999b4dd5f7f29') in 0.025724 seconds
Number of updated asset objects reloaded before import = 0
Number of asset objects unloaded after import = 329
========================================================================
Received Import Request.
  Time since last request: 0.129560 seconds.
  path: Assets/Prefabs/BasicTower.prefab
  artifactKey: Guid(c079fa8f7c1cb874ba0c96f566d84584) Importer(815301076,1909f56bfc062723c751e8b465ee728b)
Start importing Assets/Prefabs/BasicTower.prefab using Guid(c079fa8f7c1cb874ba0c96f566d84584) Importer(815301076,1909f56bfc062723c751e8b465ee728b)  -> (artifact id: '4e4c2f6f31e257de83fe24eaf3676b69') in 0.027586 seconds
Number of updated asset objects reloaded before import = 0
Number of asset objects unloaded after import = 329
========================================================================
Received Import Request.
  Time since last request: 0.000010 seconds.
  path: Assets/Prefabs/LongRange.prefab
  artifactKey: Guid(5c4aa7d88384cca4a88afbc860633348) Importer(815301076,1909f56bfc062723c751e8b465ee728b)
Start importing Assets/Prefabs/LongRange.prefab using Guid(5c4aa7d88384cca4a88afbc860633348) Importer(815301076,1909f56bfc062723c751e8b465ee728b)  -> (artifact id: 'cc1bb9a3b38e57aa64276a628530ca87') in 0.028189 seconds
Number of updated asset objects reloaded before import = 0
Number of asset objects unloaded after import = 329
========================================================================
Received Import Request.
  Time since last request: 0.150460 seconds.
  path: Assets/Prefabs/BasicTower.prefab
  artifactKey: Guid(c079fa8f7c1cb874ba0c96f566d84584) Importer(815301076,1909f56bfc062723c751e8b465ee728b)
Start importing Assets/Prefabs/BasicTower.prefab using Guid(c079fa8f7c1cb874ba0c96f566d84584) Importer(815301076,1909f56bfc062723c751e8b465ee728b)  -> (artifact id: '67d61536fa2f96199aa44035df918405') in 0.028882 seconds
Number of updated asset objects reloaded before import = 0
Number of asset objects unloaded after import = 329
========================================================================
Received Import Request.
  Time since last request: 0.000013 seconds.
  path: Assets/Prefabs/LongRange.prefab
  artifactKey: Guid(5c4aa7d88384cca4a88afbc860633348) Importer(815301076,1909f56bfc062723c751e8b465ee728b)
Start importing Assets/Prefabs/LongRange.prefab using Guid(5c4aa7d88384cca4a88afbc860633348) Importer(815301076,1909f56bfc062723c751e8b465ee728b)  -> (artifact id: '37b2495fd02f9b1fa81fb181e8284425') in 0.026370 seconds
Number of updated asset objects reloaded before import = 0
Number of asset objects unloaded after import = 329
========================================================================
Received Import Request.
  Time since last request: 239.487114 seconds.
  path: Assets/Prefabs/AOE.prefab
  artifactKey: Guid(7f6d7690f38b11f4fb610a0f23edda0f) Importer(815301076,1909f56bfc062723c751e8b465ee728b)
Start importing Assets/Prefabs/AOE.prefab using Guid(7f6d7690f38b11f4fb610a0f23edda0f) Importer(815301076,1909f56bfc062723c751e8b465ee728b)  -> (artifact id: '3cc928727f3d281f0d6974717d068f57') in 0.036219 seconds
Number of updated asset objects reloaded before import = 0
Number of asset objects unloaded after import = 329
========================================================================
Received Import Request.
  Time since last request: 0.000013 seconds.
  path: Assets/Prefabs/BasicTower.prefab
  artifactKey: Guid(c079fa8f7c1cb874ba0c96f566d84584) Importer(815301076,1909f56bfc062723c751e8b465ee728b)
Start importing Assets/Prefabs/BasicTower.prefab using Guid(c079fa8f7c1cb874ba0c96f566d84584) Importer(815301076,1909f56bfc062723c751e8b465ee728b)  -> (artifact id: 'c312204db0d70049d0d1b6e7841b50db') in 0.030316 seconds
Number of updated asset objects reloaded before import = 0
Number of asset objects unloaded after import = 329
========================================================================
Received Import Request.
  Time since last request: 0.000015 seconds.
  path: Assets/Prefabs/Buildable.prefab
  artifactKey: Guid(a4b8bb2b2a053ca459a792f1486fa2ce) Importer(815301076,1909f56bfc062723c751e8b465ee728b)
Start importing Assets/Prefabs/Buildable.prefab using Guid(a4b8bb2b2a053ca459a792f1486fa2ce) Importer(815301076,1909f56bfc062723c751e8b465ee728b)  -> (artifact id: '7de652e6977066b9f6296adc0274a2fa') in 0.028254 seconds
Number of updated asset objects reloaded before import = 0
Number of asset objects unloaded after import = 329
========================================================================
Received Import Request.
  Time since last request: 0.000018 seconds.
  path: Assets/Prefabs/LongRange.prefab
  artifactKey: Guid(5c4aa7d88384cca4a88afbc860633348) Importer(815301076,1909f56bfc062723c751e8b465ee728b)
Start importing Assets/Prefabs/LongRange.prefab using Guid(5c4aa7d88384cca4a88afbc860633348) Importer(815301076,1909f56bfc062723c751e8b465ee728b)  -> (artifact id: '03256f6cb03af8593c285e25c9a6a6e3') in 0.032574 seconds
Number of updated asset objects reloaded before import = 0
Number of asset objects unloaded after import = 329
========================================================================
Received Prepare
Begin MonoManager ReloadAssembly
- Loaded All Assemblies, in  0.476 seconds
Refreshing native plugins compatible for Editor in 6.00 ms, found 4 plugins.
Native extension for WindowsStandalone target not found
[Package Manager] Server::EnsureServerProcessIsRunning -- launch failed, reason: Unity was launched with the -noUpm command-line argument
[Package Manager] UpmClient::Send -- Unable to send message (not connected to UPM process).
[Package Manager] Cannot connect to Unity Package Manager local server
Mono: successfully reloaded assembly
- Finished resetting the current domain, in  0.982 seconds
Domain Reload Profiling: 1452ms
	BeginReloadAssembly (166ms)
		ExecutionOrderSort (0ms)
		DisableScriptedObjects (9ms)
		BackupInstance (0ms)
		ReleaseScriptingObjects (0ms)
		CreateAndSetChildDomain (40ms)
	RebuildCommonClasses (27ms)
	RebuildNativeTypeToScriptingClass (9ms)
	initialDomainReloadingComplete (30ms)
	LoadAllAssembliesAndSetupDomain (238ms)
		LoadAssemblies (307ms)
		RebuildTransferFunctionScriptingTraits (0ms)
		AnalyzeDomain (20ms)
			TypeCache.Refresh (7ms)
				TypeCache.ScanAssembly (0ms)
			ScanForSourceGeneratedMonoScriptInfo (8ms)
			ResolveRequiredComponents (4ms)
	FinalizeReload (982ms)
		ReleaseScriptCaches (0ms)
		RebuildScriptCaches (0ms)
		SetupLoadedEditorAssemblies (380ms)
			LogAssemblyErrors (0ms)
			InitializePlatformSupportModulesInManaged (6ms)
			SetLoadedEditorAssemblies (4ms)
			RefreshPlugins (0ms)
			BeforeProcessingInitializeOnLoad (71ms)
			ProcessInitializeOnLoadAttributes (260ms)
			ProcessInitializeOnLoadMethodAttributes (28ms)
			AfterProcessingInitializeOnLoad (12ms)
			EditorAssembliesLoaded (0ms)
		ExecutionOrderSort2 (0ms)
		AwakeInstancesAfterBackupRestoration (13ms)
Refreshing native plugins compatible for Editor in 6.17 ms, found 4 plugins.
Preloading 0 native plugins for Editor in 0.00 ms.
Unloading 4028 Unused Serialized files (Serialized files now loaded: 0)
Unloading 38 unused Assets / (36.1 KB). Loaded Objects now: 4530.
Memory consumption went from 148.0 MB to 148.0 MB.
Total: 4.249200 ms (FindLiveObjects: 0.285400 ms CreateObjectMapping: 0.201400 ms MarkObjects: 3.648700 ms  DeleteObjects: 0.112500 ms)

Prepare: number of updated asset objects reloaded= 0
AssetImportParameters requested are different than current active one (requested -> active):
  custom:container-demuxer-ogg: 62fdf1f143b41e24485cea50d1cbac27 -> 
  custom:video-decoder-ogg-theora: a1e56fd34408186e4bbccfd4996cb3dc -> 
  custom:framework-win-MediaFoundation: 216162199b28c13a410421893ffa2e32 -> 
  custom:CustomObjectIndexerAttribute: 756ad292c208cfabdd7b50bc23989ffe -> 
  custom:container-demuxer-webm: 4f35f7cbe854078d1ac9338744f61a02 -> 
  custom:container-muxer-webm: aa71ff27fc2769a1b78a27578f13a17b -> 
  custom:video-decoder-webm-vp8: 9c59270c3fd7afecdb556c50c9e8de78 -> 
  custom:SearchIndexIgnoredProperties: e643bd26f0fe6173181afceb89e7c659 -> 
  custom:AudioImporter_EditorPlatform: d09bf68614088b80899f8185d706f6e7 -> 
  custom:video-encoder-webm-vp8: eb34c28f22e8b96e1ab97ce403110664 -> 
  custom:audio-decoder-ogg-vorbis: bf7c407c2cedff20999df2af8eb42d56 -> 
  custom:audio-encoder-webm-vorbis: bf7c407c2cedff20999df2af8eb42d56 -> 
========================================================================
Received Import Request.
  Time since last request: 5.928635 seconds.
  path: Assets/Prefabs/BasicTowerUp.prefab
  artifactKey: Guid(168b02bbc72e9e444ba2bc6ef73d67d1) Importer(815301076,1909f56bfc062723c751e8b465ee728b)
Start importing Assets/Prefabs/BasicTowerUp.prefab using Guid(168b02bbc72e9e444ba2bc6ef73d67d1) Importer(815301076,1909f56bfc062723c751e8b465ee728b)  -> (artifact id: '0486bc2dc475a42b60dcabe8907f34b9') in 0.103196 seconds
Number of updated asset objects reloaded before import = 0
Number of asset objects unloaded after import = 329
========================================================================
Received Import Request.
  Time since last request: 0.000021 seconds.
  path: Assets/Prefabs/Buildable.prefab
  artifactKey: Guid(a4b8bb2b2a053ca459a792f1486fa2ce) Importer(815301076,1909f56bfc062723c751e8b465ee728b)
Start importing Assets/Prefabs/Buildable.prefab using Guid(a4b8bb2b2a053ca459a792f1486fa2ce) Importer(815301076,1909f56bfc062723c751e8b465ee728b)  -> (artifact id: 'a6101232141347c0b40115ba78378f54') in 0.031131 seconds
Number of updated asset objects reloaded before import = 0
Number of asset objects unloaded after import = 329
Editor requested this worker to shutdown with reason: Scaling down because of idle timeout
TcpMessagingSession - receive error: operation aborted. errorcode: 995, details: The I/O operation has been aborted because of either a thread exit or an application request.
AssetImportWorker is now disconnected from the server
Process exiting
Exiting without the bug reporter. Application will terminate with return code 0